{"D:\\Projects\\Web\\Studies\\UTP\\Integrador I\\sportiva-ecommerce\\backend\\server.js": {"path":"D:\\Projects\\Web\\Studies\\UTP\\Integrador I\\sportiva-ecommerce\\backend\\server.js","statementMap":{"0":{"start":{"line":5,"column":16},"end":{"line":5,"column":34}},"1":{"start":{"line":6,"column":13},"end":{"line":6,"column":28}},"2":{"start":{"line":7,"column":15},"end":{"line":7,"column":32}},"3":{"start":{"line":8,"column":15},"end":{"line":8,"column":44}},"4":{"start":{"line":9,"column":18},"end":{"line":9,"column":41}},"5":{"start":{"line":10,"column":35},"end":{"line":10,"column":76}},"6":{"start":{"line":11,"column":27},"end":{"line":11,"column":67}},"7":{"start":{"line":12,"column":26},"end":{"line":12,"column":75}},"8":{"start":{"line":15,"column":0},"end":{"line":15,"column":16}},"9":{"start":{"line":18,"column":12},"end":{"line":18,"column":21}},"10":{"start":{"line":19,"column":13},"end":{"line":19,"column":37}},"11":{"start":{"line":26,"column":23},"end":{"line":31,"column":17}},"12":{"start":{"line":33,"column":0},"end":{"line":55,"column":4}},"13":{"start":{"line":36,"column":8},"end":{"line":38,"column":9}},"14":{"start":{"line":37,"column":12},"end":{"line":37,"column":40}},"15":{"start":{"line":39,"column":8},"end":{"line":48,"column":9}},"16":{"start":{"line":40,"column":12},"end":{"line":40,"column":33}},"17":{"start":{"line":43,"column":12},"end":{"line":45,"column":13}},"18":{"start":{"line":44,"column":16},"end":{"line":44,"column":44}},"19":{"start":{"line":46,"column":12},"end":{"line":46,"column":64}},"20":{"start":{"line":47,"column":12},"end":{"line":47,"column":61}},"21":{"start":{"line":58,"column":0},"end":{"line":58,"column":41}},"22":{"start":{"line":59,"column":0},"end":{"line":59,"column":63}},"23":{"start":{"line":62,"column":0},"end":{"line":62,"column":23}},"24":{"start":{"line":65,"column":0},"end":{"line":67,"column":1}},"25":{"start":{"line":66,"column":4},"end":{"line":66,"column":36}},"26":{"start":{"line":70,"column":0},"end":{"line":79,"column":1}},"27":{"start":{"line":71,"column":4},"end":{"line":78,"column":7}},"28":{"start":{"line":72,"column":8},"end":{"line":76,"column":11}},"29":{"start":{"line":77,"column":8},"end":{"line":77,"column":15}},"30":{"start":{"line":86,"column":0},"end":{"line":94,"column":3}},"31":{"start":{"line":87,"column":4},"end":{"line":93,"column":7}},"32":{"start":{"line":97,"column":0},"end":{"line":110,"column":3}},"33":{"start":{"line":98,"column":4},"end":{"line":109,"column":7}},"34":{"start":{"line":116,"column":0},"end":{"line":116,"column":27}},"35":{"start":{"line":123,"column":0},"end":{"line":123,"column":18}},"36":{"start":{"line":126,"column":0},"end":{"line":126,"column":22}},"37":{"start":{"line":134,"column":0},"end":{"line":140,"column":1}},"38":{"start":{"line":135,"column":4},"end":{"line":139,"column":7}},"39":{"start":{"line":136,"column":8},"end":{"line":136,"column":62}},"40":{"start":{"line":137,"column":8},"end":{"line":137,"column":56}},"41":{"start":{"line":138,"column":8},"end":{"line":138,"column":76}},"42":{"start":{"line":143,"column":0},"end":{"line":143,"column":21}}},"fnMap":{"0":{"name":"(anonymous_0)","decl":{"start":{"line":34,"column":12},"end":{"line":34,"column":13}},"loc":{"start":{"line":34,"column":39},"end":{"line":49,"column":5}},"line":34},"1":{"name":"(anonymous_1)","decl":{"start":{"line":71,"column":12},"end":{"line":71,"column":13}},"loc":{"start":{"line":71,"column":32},"end":{"line":78,"column":5}},"line":71},"2":{"name":"(anonymous_2)","decl":{"start":{"line":86,"column":19},"end":{"line":86,"column":20}},"loc":{"start":{"line":86,"column":33},"end":{"line":94,"column":1}},"line":86},"3":{"name":"(anonymous_3)","decl":{"start":{"line":97,"column":13},"end":{"line":97,"column":14}},"loc":{"start":{"line":97,"column":27},"end":{"line":110,"column":1}},"line":97},"4":{"name":"(anonymous_4)","decl":{"start":{"line":135,"column":21},"end":{"line":135,"column":22}},"loc":{"start":{"line":135,"column":27},"end":{"line":139,"column":5}},"line":135}},"branchMap":{"0":{"loc":{"start":{"line":19,"column":13},"end":{"line":19,"column":37}},"type":"binary-expr","locations":[{"start":{"line":19,"column":13},"end":{"line":19,"column":29}},{"start":{"line":19,"column":33},"end":{"line":19,"column":37}}],"line":19},"1":{"loc":{"start":{"line":36,"column":8},"end":{"line":38,"column":9}},"type":"if","locations":[{"start":{"line":36,"column":8},"end":{"line":38,"column":9}},{"start":{},"end":{}}],"line":36},"2":{"loc":{"start":{"line":39,"column":8},"end":{"line":48,"column":9}},"type":"if","locations":[{"start":{"line":39,"column":8},"end":{"line":48,"column":9}},{"start":{"line":41,"column":15},"end":{"line":48,"column":9}}],"line":39},"3":{"loc":{"start":{"line":43,"column":12},"end":{"line":45,"column":13}},"type":"if","locations":[{"start":{"line":43,"column":12},"end":{"line":45,"column":13}},{"start":{},"end":{}}],"line":43},"4":{"loc":{"start":{"line":43,"column":16},"end":{"line":43,"column":89}},"type":"binary-expr","locations":[{"start":{"line":43,"column":16},"end":{"line":43,"column":54}},{"start":{"line":43,"column":58},"end":{"line":43,"column":89}}],"line":43},"5":{"loc":{"start":{"line":65,"column":0},"end":{"line":67,"column":1}},"type":"if","locations":[{"start":{"line":65,"column":0},"end":{"line":67,"column":1}},{"start":{},"end":{}}],"line":65},"6":{"loc":{"start":{"line":70,"column":0},"end":{"line":79,"column":1}},"type":"if","locations":[{"start":{"line":70,"column":0},"end":{"line":79,"column":1}},{"start":{},"end":{}}],"line":70},"7":{"loc":{"start":{"line":92,"column":21},"end":{"line":92,"column":58}},"type":"binary-expr","locations":[{"start":{"line":92,"column":21},"end":{"line":92,"column":41}},{"start":{"line":92,"column":45},"end":{"line":92,"column":58}}],"line":92},"8":{"loc":{"start":{"line":134,"column":0},"end":{"line":140,"column":1}},"type":"if","locations":[{"start":{"line":134,"column":0},"end":{"line":140,"column":1}},{"start":{},"end":{}}],"line":134},"9":{"loc":{"start":{"line":138,"column":35},"end":{"line":138,"column":72}},"type":"binary-expr","locations":[{"start":{"line":138,"column":35},"end":{"line":138,"column":55}},{"start":{"line":138,"column":59},"end":{"line":138,"column":72}}],"line":138}},"s":{"0":1,"1":1,"2":1,"3":1,"4":1,"5":1,"6":1,"7":1,"8":1,"9":1,"10":1,"11":1,"12":1,"13":4,"14":4,"15":0,"16":0,"17":0,"18":0,"19":0,"20":0,"21":1,"22":1,"23":1,"24":1,"25":0,"26":1,"27":0,"28":0,"29":0,"30":1,"31":1,"32":1,"33":0,"34":1,"35":1,"36":1,"37":1,"38":0,"39":0,"40":0,"41":0,"42":1},"f":{"0":4,"1":0,"2":1,"3":0,"4":0},"b":{"0":[1,0],"1":[4,0],"2":[0,0],"3":[0,0],"4":[0,0],"5":[0,1],"6":[0,1],"7":[1,0],"8":[0,1],"9":[0,0]},"_coverageSchema":"1a1c01bbd47fc00a2c39e90264f33305004495a9","hash":"1a615edf6b4c14b7d8eb415df70de35a5288cd4e"}
,"D:\\Projects\\Web\\Studies\\UTP\\Integrador I\\sportiva-ecommerce\\backend\\src\\config\\constants.js": {"path":"D:\\Projects\\Web\\Studies\\UTP\\Integrador I\\sportiva-ecommerce\\backend\\src\\config\\constants.js","statementMap":{"0":{"start":{"line":5,"column":0},"end":{"line":5,"column":27}},"1":{"start":{"line":10,"column":19},"end":{"line":10,"column":83}},"2":{"start":{"line":11,"column":23},"end":{"line":11,"column":58}},"3":{"start":{"line":14,"column":23},"end":{"line":20,"column":1}},"4":{"start":{"line":23,"column":21},"end":{"line":28,"column":1}},"5":{"start":{"line":31,"column":21},"end":{"line":37,"column":1}},"6":{"start":{"line":40,"column":24},"end":{"line":54,"column":1}},"7":{"start":{"line":57,"column":22},"end":{"line":60,"column":1}},"8":{"start":{"line":63,"column":19},"end":{"line":69,"column":1}},"9":{"start":{"line":72,"column":15},"end":{"line":72,"column":49}},"10":{"start":{"line":75,"column":20},"end":{"line":85,"column":1}},"11":{"start":{"line":88,"column":23},"end":{"line":95,"column":1}},"12":{"start":{"line":98,"column":23},"end":{"line":104,"column":1}},"13":{"start":{"line":106,"column":0},"end":{"line":122,"column":2}}},"fnMap":{},"branchMap":{"0":{"loc":{"start":{"line":10,"column":19},"end":{"line":10,"column":83}},"type":"binary-expr","locations":[{"start":{"line":10,"column":19},"end":{"line":10,"column":41}},{"start":{"line":10,"column":45},"end":{"line":10,"column":83}}],"line":10},"1":{"loc":{"start":{"line":11,"column":23},"end":{"line":11,"column":58}},"type":"binary-expr","locations":[{"start":{"line":11,"column":23},"end":{"line":11,"column":49}},{"start":{"line":11,"column":53},"end":{"line":11,"column":58}}],"line":11},"2":{"loc":{"start":{"line":41,"column":9},"end":{"line":41,"column":44}},"type":"binary-expr","locations":[{"start":{"line":41,"column":9},"end":{"line":41,"column":36}},{"start":{"line":41,"column":40},"end":{"line":41,"column":44}}],"line":41},"3":{"loc":{"start":{"line":42,"column":22},"end":{"line":42,"column":71}},"type":"binary-expr","locations":[{"start":{"line":42,"column":22},"end":{"line":42,"column":62}},{"start":{"line":42,"column":66},"end":{"line":42,"column":71}}],"line":42},"4":{"loc":{"start":{"line":43,"column":28},"end":{"line":43,"column":83}},"type":"binary-expr","locations":[{"start":{"line":43,"column":28},"end":{"line":43,"column":74}},{"start":{"line":43,"column":78},"end":{"line":43,"column":83}}],"line":43},"5":{"loc":{"start":{"line":44,"column":12},"end":{"line":44,"column":38}},"type":"binary-expr","locations":[{"start":{"line":44,"column":12},"end":{"line":44,"column":30}},{"start":{"line":44,"column":34},"end":{"line":44,"column":38}}],"line":44}},"s":{"0":1,"1":1,"2":1,"3":1,"4":1,"5":1,"6":1,"7":1,"8":1,"9":1,"10":1,"11":1,"12":1,"13":1},"f":{},"b":{"0":[1,0],"1":[1,0],"2":[1,1],"3":[1,1],"4":[1,1],"5":[1,1]},"_coverageSchema":"1a1c01bbd47fc00a2c39e90264f33305004495a9","hash":"d8841cefe469af88c096f997e88972537a8b0b8e"}
,"D:\\Projects\\Web\\Studies\\UTP\\Integrador I\\sportiva-ecommerce\\backend\\src\\config\\email.js": {"path":"D:\\Projects\\Web\\Studies\\UTP\\Integrador I\\sportiva-ecommerce\\backend\\src\\config\\email.js","statementMap":{"0":{"start":{"line":5,"column":0},"end":{"line":5,"column":27}},"1":{"start":{"line":7,"column":0},"end":{"line":60,"column":2}}},"fnMap":{},"branchMap":{"0":{"loc":{"start":{"line":10,"column":14},"end":{"line":10,"column":55}},"type":"binary-expr","locations":[{"start":{"line":10,"column":14},"end":{"line":10,"column":35}},{"start":{"line":10,"column":39},"end":{"line":10,"column":55}}],"line":10},"1":{"loc":{"start":{"line":11,"column":14},"end":{"line":11,"column":52}},"type":"binary-expr","locations":[{"start":{"line":11,"column":14},"end":{"line":11,"column":45}},{"start":{"line":11,"column":49},"end":{"line":11,"column":52}}],"line":11},"2":{"loc":{"start":{"line":12,"column":16},"end":{"line":12,"column":59}},"type":"binary-expr","locations":[{"start":{"line":12,"column":16},"end":{"line":12,"column":50}},{"start":{"line":12,"column":54},"end":{"line":12,"column":59}}],"line":12},"3":{"loc":{"start":{"line":14,"column":18},"end":{"line":14,"column":73}},"type":"binary-expr","locations":[{"start":{"line":14,"column":18},"end":{"line":14,"column":39}},{"start":{"line":14,"column":43},"end":{"line":14,"column":73}}],"line":14},"4":{"loc":{"start":{"line":15,"column":18},"end":{"line":15,"column":45}},"type":"binary-expr","locations":[{"start":{"line":15,"column":18},"end":{"line":15,"column":39}},{"start":{"line":15,"column":43},"end":{"line":15,"column":45}}],"line":15},"5":{"loc":{"start":{"line":21,"column":14},"end":{"line":21,"column":66}},"type":"binary-expr","locations":[{"start":{"line":21,"column":14},"end":{"line":21,"column":41}},{"start":{"line":21,"column":45},"end":{"line":21,"column":66}}],"line":21},"6":{"loc":{"start":{"line":22,"column":17},"end":{"line":22,"column":74}},"type":"binary-expr","locations":[{"start":{"line":22,"column":17},"end":{"line":22,"column":47}},{"start":{"line":22,"column":51},"end":{"line":22,"column":74}}],"line":22},"7":{"loc":{"start":{"line":58,"column":17},"end":{"line":58,"column":62}},"type":"binary-expr","locations":[{"start":{"line":58,"column":17},"end":{"line":58,"column":53}},{"start":{"line":58,"column":57},"end":{"line":58,"column":62}}],"line":58}},"s":{"0":1,"1":1},"f":{},"b":{"0":[1,1],"1":[1,1],"2":[1,1],"3":[1,1],"4":[1,1],"5":[1,1],"6":[1,1],"7":[1,1]},"_coverageSchema":"1a1c01bbd47fc00a2c39e90264f33305004495a9","hash":"81f6bb6c3e5fab58d4869e31a94d3a3555934d3d"}
,"D:\\Projects\\Web\\Studies\\UTP\\Integrador I\\sportiva-ecommerce\\backend\\src\\config\\jwt.js": {"path":"D:\\Projects\\Web\\Studies\\UTP\\Integrador I\\sportiva-ecommerce\\backend\\src\\config\\jwt.js","statementMap":{"0":{"start":{"line":5,"column":12},"end":{"line":5,"column":35}},"1":{"start":{"line":6,"column":0},"end":{"line":6,"column":27}},"2":{"start":{"line":8,"column":19},"end":{"line":8,"column":71}},"3":{"start":{"line":9,"column":23},"end":{"line":9,"column":58}},"4":{"start":{"line":12,"column":21},"end":{"line":16,"column":1}},"5":{"start":{"line":13,"column":4},"end":{"line":15,"column":7}},"6":{"start":{"line":19,"column":23},"end":{"line":25,"column":1}},"7":{"start":{"line":20,"column":4},"end":{"line":24,"column":5}},"8":{"start":{"line":21,"column":8},"end":{"line":21,"column":45}},"9":{"start":{"line":23,"column":8},"end":{"line":23,"column":20}},"10":{"start":{"line":28,"column":25},"end":{"line":30,"column":1}},"11":{"start":{"line":29,"column":4},"end":{"line":29,"column":29}},"12":{"start":{"line":32,"column":0},"end":{"line":38,"column":2}}},"fnMap":{"0":{"name":"(anonymous_0)","decl":{"start":{"line":12,"column":21},"end":{"line":12,"column":22}},"loc":{"start":{"line":12,"column":34},"end":{"line":16,"column":1}},"line":12},"1":{"name":"(anonymous_1)","decl":{"start":{"line":19,"column":23},"end":{"line":19,"column":24}},"loc":{"start":{"line":19,"column":34},"end":{"line":25,"column":1}},"line":19},"2":{"name":"(anonymous_2)","decl":{"start":{"line":28,"column":25},"end":{"line":28,"column":26}},"loc":{"start":{"line":28,"column":36},"end":{"line":30,"column":1}},"line":28}},"branchMap":{"0":{"loc":{"start":{"line":8,"column":19},"end":{"line":8,"column":71}},"type":"binary-expr","locations":[{"start":{"line":8,"column":19},"end":{"line":8,"column":41}},{"start":{"line":8,"column":45},"end":{"line":8,"column":71}}],"line":8},"1":{"loc":{"start":{"line":9,"column":23},"end":{"line":9,"column":58}},"type":"binary-expr","locations":[{"start":{"line":9,"column":23},"end":{"line":9,"column":49}},{"start":{"line":9,"column":53},"end":{"line":9,"column":58}}],"line":9}},"s":{"0":1,"1":1,"2":1,"3":1,"4":1,"5":0,"6":1,"7":0,"8":0,"9":0,"10":1,"11":0,"12":1},"f":{"0":0,"1":0,"2":0},"b":{"0":[1,0],"1":[1,0]},"_coverageSchema":"1a1c01bbd47fc00a2c39e90264f33305004495a9","hash":"6dea65840da51940f434754f46796f7f2a5ad6ef"}
,"D:\\Projects\\Web\\Studies\\UTP\\Integrador I\\sportiva-ecommerce\\backend\\src\\controllers\\authController.js": {"path":"D:\\Projects\\Web\\Studies\\UTP\\Integrador I\\sportiva-ecommerce\\backend\\src\\controllers\\authController.js","statementMap":{"0":{"start":{"line":5,"column":20},"end":{"line":5,"column":54}},"1":{"start":{"line":6,"column":15},"end":{"line":6,"column":41}},"2":{"start":{"line":7,"column":29},"end":{"line":7,"column":57}},"3":{"start":{"line":13,"column":0},"end":{"line":60,"column":2}},"4":{"start":{"line":14,"column":4},"end":{"line":59,"column":5}},"5":{"start":{"line":16,"column":23},"end":{"line":16,"column":44}},"6":{"start":{"line":17,"column":8},"end":{"line":23,"column":9}},"7":{"start":{"line":18,"column":12},"end":{"line":22,"column":15}},"8":{"start":{"line":25,"column":64},"end":{"line":25,"column":72}},"9":{"start":{"line":28,"column":26},"end":{"line":34,"column":10}},"10":{"start":{"line":36,"column":8},"end":{"line":41,"column":9}},"11":{"start":{"line":37,"column":12},"end":{"line":40,"column":15}},"12":{"start":{"line":43,"column":8},"end":{"line":43,"column":58}},"13":{"start":{"line":45,"column":8},"end":{"line":50,"column":11}},"14":{"start":{"line":53,"column":8},"end":{"line":53,"column":50}},"15":{"start":{"line":54,"column":8},"end":{"line":58,"column":11}},"16":{"start":{"line":66,"column":0},"end":{"line":106,"column":2}},"17":{"start":{"line":67,"column":4},"end":{"line":105,"column":5}},"18":{"start":{"line":68,"column":23},"end":{"line":68,"column":44}},"19":{"start":{"line":69,"column":8},"end":{"line":75,"column":9}},"20":{"start":{"line":70,"column":12},"end":{"line":74,"column":15}},"21":{"start":{"line":77,"column":36},"end":{"line":77,"column":44}},"22":{"start":{"line":80,"column":26},"end":{"line":80,"column":66}},"23":{"start":{"line":82,"column":8},"end":{"line":87,"column":9}},"24":{"start":{"line":83,"column":12},"end":{"line":86,"column":15}},"25":{"start":{"line":89,"column":8},"end":{"line":89,"column":53}},"26":{"start":{"line":91,"column":8},"end":{"line":96,"column":11}},"27":{"start":{"line":99,"column":8},"end":{"line":99,"column":47}},"28":{"start":{"line":100,"column":8},"end":{"line":104,"column":11}},"29":{"start":{"line":112,"column":0},"end":{"line":134,"column":2}},"30":{"start":{"line":113,"column":4},"end":{"line":133,"column":5}},"31":{"start":{"line":114,"column":26},"end":{"line":114,"column":40}},"32":{"start":{"line":117,"column":8},"end":{"line":117,"column":44}},"33":{"start":{"line":119,"column":8},"end":{"line":119,"column":58}},"34":{"start":{"line":121,"column":8},"end":{"line":124,"column":11}},"35":{"start":{"line":127,"column":8},"end":{"line":127,"column":48}},"36":{"start":{"line":128,"column":8},"end":{"line":132,"column":11}},"37":{"start":{"line":140,"column":0},"end":{"line":171,"column":2}},"38":{"start":{"line":141,"column":4},"end":{"line":170,"column":5}},"39":{"start":{"line":143,"column":26},"end":{"line":143,"column":40}},"40":{"start":{"line":146,"column":26},"end":{"line":146,"column":75}},"41":{"start":{"line":148,"column":8},"end":{"line":153,"column":9}},"42":{"start":{"line":149,"column":12},"end":{"line":152,"column":15}},"43":{"start":{"line":155,"column":8},"end":{"line":161,"column":11}},"44":{"start":{"line":164,"column":8},"end":{"line":164,"column":57}},"45":{"start":{"line":165,"column":8},"end":{"line":169,"column":11}},"46":{"start":{"line":177,"column":0},"end":{"line":216,"column":2}},"47":{"start":{"line":178,"column":4},"end":{"line":215,"column":5}},"48":{"start":{"line":179,"column":25},"end":{"line":179,"column":74}},"49":{"start":{"line":181,"column":8},"end":{"line":186,"column":9}},"50":{"start":{"line":182,"column":12},"end":{"line":185,"column":15}},"51":{"start":{"line":189,"column":26},"end":{"line":189,"column":66}},"52":{"start":{"line":191,"column":8},"end":{"line":196,"column":9}},"53":{"start":{"line":192,"column":12},"end":{"line":195,"column":15}},"54":{"start":{"line":198,"column":8},"end":{"line":198,"column":38}},"55":{"start":{"line":200,"column":8},"end":{"line":206,"column":11}},"56":{"start":{"line":209,"column":8},"end":{"line":209,"column":55}},"57":{"start":{"line":210,"column":8},"end":{"line":214,"column":11}},"58":{"start":{"line":222,"column":0},"end":{"line":251,"column":2}},"59":{"start":{"line":223,"column":4},"end":{"line":250,"column":5}},"60":{"start":{"line":224,"column":26},"end":{"line":224,"column":40}},"61":{"start":{"line":227,"column":26},"end":{"line":227,"column":65}},"62":{"start":{"line":229,"column":8},"end":{"line":234,"column":9}},"63":{"start":{"line":230,"column":12},"end":{"line":233,"column":15}},"64":{"start":{"line":236,"column":8},"end":{"line":241,"column":11}},"65":{"start":{"line":244,"column":8},"end":{"line":244,"column":56}},"66":{"start":{"line":245,"column":8},"end":{"line":249,"column":11}},"67":{"start":{"line":257,"column":0},"end":{"line":298,"column":2}},"68":{"start":{"line":258,"column":4},"end":{"line":297,"column":5}},"69":{"start":{"line":260,"column":23},"end":{"line":260,"column":44}},"70":{"start":{"line":261,"column":8},"end":{"line":267,"column":9}},"71":{"start":{"line":262,"column":12},"end":{"line":266,"column":15}},"72":{"start":{"line":269,"column":26},"end":{"line":269,"column":40}},"73":{"start":{"line":270,"column":32},"end":{"line":270,"column":40}},"74":{"start":{"line":271,"column":26},"end":{"line":271,"column":85}},"75":{"start":{"line":273,"column":8},"end":{"line":278,"column":9}},"76":{"start":{"line":274,"column":12},"end":{"line":277,"column":15}},"77":{"start":{"line":280,"column":8},"end":{"line":280,"column":69}},"78":{"start":{"line":282,"column":8},"end":{"line":288,"column":11}},"79":{"start":{"line":291,"column":8},"end":{"line":291,"column":59}},"80":{"start":{"line":292,"column":8},"end":{"line":296,"column":11}},"81":{"start":{"line":304,"column":0},"end":{"line":344,"column":2}},"82":{"start":{"line":305,"column":4},"end":{"line":343,"column":5}},"83":{"start":{"line":307,"column":23},"end":{"line":307,"column":44}},"84":{"start":{"line":308,"column":8},"end":{"line":314,"column":9}},"85":{"start":{"line":309,"column":12},"end":{"line":313,"column":15}},"86":{"start":{"line":316,"column":26},"end":{"line":316,"column":40}},"87":{"start":{"line":317,"column":49},"end":{"line":317,"column":57}},"88":{"start":{"line":320,"column":26},"end":{"line":320,"column":99}},"89":{"start":{"line":322,"column":8},"end":{"line":327,"column":9}},"90":{"start":{"line":323,"column":12},"end":{"line":326,"column":15}},"91":{"start":{"line":329,"column":8},"end":{"line":329,"column":70}},"92":{"start":{"line":331,"column":8},"end":{"line":334,"column":11}},"93":{"start":{"line":337,"column":8},"end":{"line":337,"column":60}},"94":{"start":{"line":338,"column":8},"end":{"line":342,"column":11}},"95":{"start":{"line":350,"column":0},"end":{"line":367,"column":2}},"96":{"start":{"line":351,"column":4},"end":{"line":366,"column":5}},"97":{"start":{"line":352,"column":30},"end":{"line":352,"column":88}},"98":{"start":{"line":353,"column":8},"end":{"line":358,"column":11}},"99":{"start":{"line":360,"column":8},"end":{"line":360,"column":74}},"100":{"start":{"line":361,"column":8},"end":{"line":365,"column":11}},"101":{"start":{"line":369,"column":0},"end":{"line":369,"column":25}}},"fnMap":{"0":{"name":"(anonymous_0)","decl":{"start":{"line":13,"column":19},"end":{"line":13,"column":20}},"loc":{"start":{"line":13,"column":39},"end":{"line":60,"column":1}},"line":13},"1":{"name":"(anonymous_1)","decl":{"start":{"line":66,"column":16},"end":{"line":66,"column":17}},"loc":{"start":{"line":66,"column":36},"end":{"line":106,"column":1}},"line":66},"2":{"name":"(anonymous_2)","decl":{"start":{"line":112,"column":17},"end":{"line":112,"column":18}},"loc":{"start":{"line":112,"column":37},"end":{"line":134,"column":1}},"line":112},"3":{"name":"(anonymous_3)","decl":{"start":{"line":140,"column":22},"end":{"line":140,"column":23}},"loc":{"start":{"line":140,"column":42},"end":{"line":171,"column":1}},"line":140},"4":{"name":"(anonymous_4)","decl":{"start":{"line":177,"column":23},"end":{"line":177,"column":24}},"loc":{"start":{"line":177,"column":43},"end":{"line":216,"column":1}},"line":177},"5":{"name":"(anonymous_5)","decl":{"start":{"line":222,"column":21},"end":{"line":222,"column":22}},"loc":{"start":{"line":222,"column":41},"end":{"line":251,"column":1}},"line":222},"6":{"name":"(anonymous_6)","decl":{"start":{"line":257,"column":24},"end":{"line":257,"column":25}},"loc":{"start":{"line":257,"column":44},"end":{"line":298,"column":1}},"line":257},"7":{"name":"(anonymous_7)","decl":{"start":{"line":304,"column":25},"end":{"line":304,"column":26}},"loc":{"start":{"line":304,"column":45},"end":{"line":344,"column":1}},"line":304},"8":{"name":"(anonymous_8)","decl":{"start":{"line":350,"column":38},"end":{"line":350,"column":39}},"loc":{"start":{"line":350,"column":58},"end":{"line":367,"column":1}},"line":350}},"branchMap":{"0":{"loc":{"start":{"line":17,"column":8},"end":{"line":23,"column":9}},"type":"if","locations":[{"start":{"line":17,"column":8},"end":{"line":23,"column":9}},{"start":{},"end":{}}],"line":17},"1":{"loc":{"start":{"line":36,"column":8},"end":{"line":41,"column":9}},"type":"if","locations":[{"start":{"line":36,"column":8},"end":{"line":41,"column":9}},{"start":{},"end":{}}],"line":36},"2":{"loc":{"start":{"line":69,"column":8},"end":{"line":75,"column":9}},"type":"if","locations":[{"start":{"line":69,"column":8},"end":{"line":75,"column":9}},{"start":{},"end":{}}],"line":69},"3":{"loc":{"start":{"line":82,"column":8},"end":{"line":87,"column":9}},"type":"if","locations":[{"start":{"line":82,"column":8},"end":{"line":87,"column":9}},{"start":{},"end":{}}],"line":82},"4":{"loc":{"start":{"line":148,"column":8},"end":{"line":153,"column":9}},"type":"if","locations":[{"start":{"line":148,"column":8},"end":{"line":153,"column":9}},{"start":{},"end":{}}],"line":148},"5":{"loc":{"start":{"line":181,"column":8},"end":{"line":186,"column":9}},"type":"if","locations":[{"start":{"line":181,"column":8},"end":{"line":186,"column":9}},{"start":{},"end":{}}],"line":181},"6":{"loc":{"start":{"line":191,"column":8},"end":{"line":196,"column":9}},"type":"if","locations":[{"start":{"line":191,"column":8},"end":{"line":196,"column":9}},{"start":{},"end":{}}],"line":191},"7":{"loc":{"start":{"line":229,"column":8},"end":{"line":234,"column":9}},"type":"if","locations":[{"start":{"line":229,"column":8},"end":{"line":234,"column":9}},{"start":{},"end":{}}],"line":229},"8":{"loc":{"start":{"line":261,"column":8},"end":{"line":267,"column":9}},"type":"if","locations":[{"start":{"line":261,"column":8},"end":{"line":267,"column":9}},{"start":{},"end":{}}],"line":261},"9":{"loc":{"start":{"line":273,"column":8},"end":{"line":278,"column":9}},"type":"if","locations":[{"start":{"line":273,"column":8},"end":{"line":278,"column":9}},{"start":{},"end":{}}],"line":273},"10":{"loc":{"start":{"line":308,"column":8},"end":{"line":314,"column":9}},"type":"if","locations":[{"start":{"line":308,"column":8},"end":{"line":314,"column":9}},{"start":{},"end":{}}],"line":308},"11":{"loc":{"start":{"line":322,"column":8},"end":{"line":327,"column":9}},"type":"if","locations":[{"start":{"line":322,"column":8},"end":{"line":327,"column":9}},{"start":{},"end":{}}],"line":322}},"s":{"0":1,"1":1,"2":1,"3":1,"4":1,"5":1,"6":1,"7":0,"8":1,"9":1,"10":1,"11":0,"12":1,"13":1,"14":0,"15":0,"16":1,"17":1,"18":1,"19":1,"20":0,"21":1,"22":1,"23":1,"24":0,"25":1,"26":1,"27":0,"28":0,"29":1,"30":0,"31":0,"32":0,"33":0,"34":0,"35":0,"36":0,"37":1,"38":0,"39":0,"40":0,"41":0,"42":0,"43":0,"44":0,"45":0,"46":1,"47":0,"48":0,"49":0,"50":0,"51":0,"52":0,"53":0,"54":0,"55":0,"56":0,"57":0,"58":1,"59":0,"60":0,"61":0,"62":0,"63":0,"64":0,"65":0,"66":0,"67":1,"68":0,"69":0,"70":0,"71":0,"72":0,"73":0,"74":0,"75":0,"76":0,"77":0,"78":0,"79":0,"80":0,"81":1,"82":0,"83":0,"84":0,"85":0,"86":0,"87":0,"88":0,"89":0,"90":0,"91":0,"92":0,"93":0,"94":0,"95":1,"96":0,"97":0,"98":0,"99":0,"100":0,"101":1},"f":{"0":1,"1":1,"2":0,"3":0,"4":0,"5":0,"6":0,"7":0,"8":0},"b":{"0":[0,1],"1":[0,1],"2":[0,1],"3":[0,1],"4":[0,0],"5":[0,0],"6":[0,0],"7":[0,0],"8":[0,0],"9":[0,0],"10":[0,0],"11":[0,0]},"_coverageSchema":"1a1c01bbd47fc00a2c39e90264f33305004495a9","hash":"bedce1e0f91aa6acdf7c762f46fcf1032f5e9b86"}
,"D:\\Projects\\Web\\Studies\\UTP\\Integrador I\\sportiva-ecommerce\\backend\\src\\controllers\\carritoController.js": {"path":"D:\\Projects\\Web\\Studies\\UTP\\Integrador I\\sportiva-ecommerce\\backend\\src\\controllers\\carritoController.js","statementMap":{"0":{"start":{"line":5,"column":23},"end":{"line":5,"column":60}},"1":{"start":{"line":6,"column":20},"end":{"line":6,"column":40}},"2":{"start":{"line":7,"column":15},"end":{"line":7,"column":41}},"3":{"start":{"line":8,"column":29},"end":{"line":8,"column":57}},"4":{"start":{"line":14,"column":0},"end":{"line":33,"column":2}},"5":{"start":{"line":15,"column":4},"end":{"line":32,"column":5}},"6":{"start":{"line":16,"column":26},"end":{"line":16,"column":40}},"7":{"start":{"line":18,"column":24},"end":{"line":18,"column":66}},"8":{"start":{"line":20,"column":8},"end":{"line":23,"column":11}},"9":{"start":{"line":26,"column":8},"end":{"line":26,"column":57}},"10":{"start":{"line":27,"column":8},"end":{"line":31,"column":11}},"11":{"start":{"line":39,"column":0},"end":{"line":110,"column":2}},"12":{"start":{"line":40,"column":4},"end":{"line":109,"column":5}},"13":{"start":{"line":41,"column":23},"end":{"line":41,"column":44}},"14":{"start":{"line":42,"column":8},"end":{"line":48,"column":9}},"15":{"start":{"line":43,"column":12},"end":{"line":47,"column":15}},"16":{"start":{"line":50,"column":18},"end":{"line":50,"column":32}},"17":{"start":{"line":51,"column":29},"end":{"line":51,"column":46}},"18":{"start":{"line":54,"column":8},"end":{"line":60,"column":9}},"19":{"start":{"line":55,"column":12},"end":{"line":59,"column":15}},"20":{"start":{"line":63,"column":52},"end":{"line":63,"column":60}},"21":{"start":{"line":65,"column":8},"end":{"line":65,"column":83}},"22":{"start":{"line":68,"column":25},"end":{"line":72,"column":9}},"23":{"start":{"line":74,"column":8},"end":{"line":74,"column":61}},"24":{"start":{"line":77,"column":8},"end":{"line":83,"column":9}},"25":{"start":{"line":78,"column":12},"end":{"line":78,"column":84}},"26":{"start":{"line":79,"column":12},"end":{"line":82,"column":15}},"27":{"start":{"line":85,"column":26},"end":{"line":85,"column":75}},"28":{"start":{"line":87,"column":8},"end":{"line":92,"column":9}},"29":{"start":{"line":88,"column":12},"end":{"line":91,"column":15}},"30":{"start":{"line":94,"column":8},"end":{"line":94,"column":98}},"31":{"start":{"line":96,"column":8},"end":{"line":100,"column":11}},"32":{"start":{"line":103,"column":8},"end":{"line":103,"column":65}},"33":{"start":{"line":104,"column":8},"end":{"line":108,"column":11}},"34":{"start":{"line":116,"column":0},"end":{"line":180,"column":2}},"35":{"start":{"line":117,"column":4},"end":{"line":179,"column":5}},"36":{"start":{"line":118,"column":23},"end":{"line":118,"column":44}},"37":{"start":{"line":119,"column":8},"end":{"line":125,"column":9}},"38":{"start":{"line":120,"column":12},"end":{"line":124,"column":15}},"39":{"start":{"line":127,"column":26},"end":{"line":127,"column":40}},"40":{"start":{"line":128,"column":23},"end":{"line":128,"column":40}},"41":{"start":{"line":129,"column":29},"end":{"line":129,"column":37}},"42":{"start":{"line":132,"column":8},"end":{"line":148,"column":9}},"43":{"start":{"line":133,"column":30},"end":{"line":133,"column":72}},"44":{"start":{"line":135,"column":12},"end":{"line":140,"column":13}},"45":{"start":{"line":136,"column":16},"end":{"line":139,"column":19}},"46":{"start":{"line":142,"column":12},"end":{"line":142,"column":95}},"47":{"start":{"line":144,"column":12},"end":{"line":147,"column":15}},"48":{"start":{"line":151,"column":26},"end":{"line":155,"column":9}},"49":{"start":{"line":157,"column":8},"end":{"line":162,"column":9}},"50":{"start":{"line":158,"column":12},"end":{"line":161,"column":15}},"51":{"start":{"line":164,"column":8},"end":{"line":164,"column":114}},"52":{"start":{"line":166,"column":8},"end":{"line":170,"column":11}},"53":{"start":{"line":173,"column":8},"end":{"line":173,"column":57}},"54":{"start":{"line":174,"column":8},"end":{"line":178,"column":11}},"55":{"start":{"line":186,"column":0},"end":{"line":224,"column":2}},"56":{"start":{"line":187,"column":4},"end":{"line":223,"column":5}},"57":{"start":{"line":188,"column":23},"end":{"line":188,"column":44}},"58":{"start":{"line":189,"column":8},"end":{"line":195,"column":9}},"59":{"start":{"line":190,"column":12},"end":{"line":194,"column":15}},"60":{"start":{"line":197,"column":26},"end":{"line":197,"column":40}},"61":{"start":{"line":198,"column":23},"end":{"line":198,"column":40}},"62":{"start":{"line":200,"column":26},"end":{"line":200,"column":68}},"63":{"start":{"line":202,"column":8},"end":{"line":207,"column":9}},"64":{"start":{"line":203,"column":12},"end":{"line":206,"column":15}},"65":{"start":{"line":209,"column":8},"end":{"line":209,"column":79}},"66":{"start":{"line":211,"column":8},"end":{"line":214,"column":11}},"67":{"start":{"line":217,"column":8},"end":{"line":217,"column":55}},"68":{"start":{"line":218,"column":8},"end":{"line":222,"column":11}},"69":{"start":{"line":230,"column":0},"end":{"line":268,"column":2}},"70":{"start":{"line":231,"column":4},"end":{"line":267,"column":5}},"71":{"start":{"line":232,"column":26},"end":{"line":232,"column":40}},"72":{"start":{"line":235,"column":30},"end":{"line":235,"column":73}},"73":{"start":{"line":237,"column":8},"end":{"line":242,"column":9}},"74":{"start":{"line":238,"column":12},"end":{"line":241,"column":15}},"75":{"start":{"line":244,"column":24},"end":{"line":244,"column":76}},"76":{"start":{"line":246,"column":8},"end":{"line":251,"column":9}},"77":{"start":{"line":247,"column":12},"end":{"line":250,"column":15}},"78":{"start":{"line":253,"column":8},"end":{"line":253,"column":63}},"79":{"start":{"line":255,"column":8},"end":{"line":258,"column":11}},"80":{"start":{"line":261,"column":8},"end":{"line":261,"column":56}},"81":{"start":{"line":262,"column":8},"end":{"line":266,"column":11}},"82":{"start":{"line":274,"column":0},"end":{"line":303,"column":2}},"83":{"start":{"line":275,"column":4},"end":{"line":302,"column":5}},"84":{"start":{"line":276,"column":8},"end":{"line":286,"column":9}},"85":{"start":{"line":277,"column":12},"end":{"line":277,"column":94}},"86":{"start":{"line":278,"column":12},"end":{"line":285,"column":15}},"87":{"start":{"line":287,"column":26},"end":{"line":287,"column":40}},"88":{"start":{"line":288,"column":24},"end":{"line":288,"column":71}},"89":{"start":{"line":290,"column":8},"end":{"line":293,"column":11}},"90":{"start":{"line":296,"column":8},"end":{"line":296,"column":69}},"91":{"start":{"line":297,"column":8},"end":{"line":301,"column":11}},"92":{"start":{"line":309,"column":0},"end":{"line":342,"column":2}},"93":{"start":{"line":310,"column":4},"end":{"line":341,"column":5}},"94":{"start":{"line":311,"column":26},"end":{"line":311,"column":40}},"95":{"start":{"line":313,"column":24},"end":{"line":313,"column":67}},"96":{"start":{"line":314,"column":26},"end":{"line":314,"column":73}},"97":{"start":{"line":316,"column":8},"end":{"line":324,"column":9}},"98":{"start":{"line":317,"column":12},"end":{"line":323,"column":15}},"99":{"start":{"line":326,"column":8},"end":{"line":332,"column":11}},"100":{"start":{"line":335,"column":8},"end":{"line":335,"column":64}},"101":{"start":{"line":336,"column":8},"end":{"line":340,"column":11}},"102":{"start":{"line":348,"column":0},"end":{"line":370,"column":2}},"103":{"start":{"line":349,"column":4},"end":{"line":369,"column":5}},"104":{"start":{"line":350,"column":32},"end":{"line":350,"column":40}},"105":{"start":{"line":351,"column":26},"end":{"line":351,"column":40}},"106":{"start":{"line":353,"column":8},"end":{"line":353,"column":103}},"107":{"start":{"line":353,"column":26},"end":{"line":353,"column":103}},"108":{"start":{"line":355,"column":26},"end":{"line":355,"column":83}},"109":{"start":{"line":357,"column":8},"end":{"line":359,"column":9}},"110":{"start":{"line":358,"column":12},"end":{"line":358,"column":88}},"111":{"start":{"line":361,"column":8},"end":{"line":365,"column":11}},"112":{"start":{"line":367,"column":8},"end":{"line":367,"column":54}},"113":{"start":{"line":368,"column":8},"end":{"line":368,"column":75}},"114":{"start":{"line":376,"column":0},"end":{"line":395,"column":2}},"115":{"start":{"line":377,"column":4},"end":{"line":394,"column":5}},"116":{"start":{"line":378,"column":26},"end":{"line":378,"column":40}},"117":{"start":{"line":380,"column":8},"end":{"line":380,"column":72}},"118":{"start":{"line":382,"column":8},"end":{"line":385,"column":11}},"119":{"start":{"line":388,"column":8},"end":{"line":388,"column":55}},"120":{"start":{"line":389,"column":8},"end":{"line":393,"column":11}},"121":{"start":{"line":401,"column":0},"end":{"line":432,"column":2}},"122":{"start":{"line":402,"column":6},"end":{"line":431,"column":5}},"123":{"start":{"line":403,"column":8},"end":{"line":412,"column":9}},"124":{"start":{"line":404,"column":12},"end":{"line":404,"column":89}},"125":{"start":{"line":405,"column":12},"end":{"line":411,"column":15}},"126":{"start":{"line":413,"column":26},"end":{"line":413,"column":40}},"127":{"start":{"line":414,"column":24},"end":{"line":414,"column":71}},"128":{"start":{"line":416,"column":8},"end":{"line":422,"column":11}},"129":{"start":{"line":425,"column":8},"end":{"line":425,"column":67}},"130":{"start":{"line":426,"column":8},"end":{"line":430,"column":11}},"131":{"start":{"line":434,"column":0},"end":{"line":434,"column":25}}},"fnMap":{"0":{"name":"(anonymous_0)","decl":{"start":{"line":14,"column":25},"end":{"line":14,"column":26}},"loc":{"start":{"line":14,"column":45},"end":{"line":33,"column":1}},"line":14},"1":{"name":"(anonymous_1)","decl":{"start":{"line":39,"column":22},"end":{"line":39,"column":23}},"loc":{"start":{"line":39,"column":42},"end":{"line":110,"column":1}},"line":39},"2":{"name":"(anonymous_2)","decl":{"start":{"line":116,"column":25},"end":{"line":116,"column":26}},"loc":{"start":{"line":116,"column":45},"end":{"line":180,"column":1}},"line":116},"3":{"name":"(anonymous_3)","decl":{"start":{"line":186,"column":23},"end":{"line":186,"column":24}},"loc":{"start":{"line":186,"column":43},"end":{"line":224,"column":1}},"line":186},"4":{"name":"(anonymous_4)","decl":{"start":{"line":230,"column":24},"end":{"line":230,"column":25}},"loc":{"start":{"line":230,"column":44},"end":{"line":268,"column":1}},"line":230},"5":{"name":"(anonymous_5)","decl":{"start":{"line":274,"column":25},"end":{"line":274,"column":26}},"loc":{"start":{"line":274,"column":45},"end":{"line":303,"column":1}},"line":274},"6":{"name":"(anonymous_6)","decl":{"start":{"line":309,"column":32},"end":{"line":309,"column":33}},"loc":{"start":{"line":309,"column":52},"end":{"line":342,"column":1}},"line":309},"7":{"name":"(anonymous_7)","decl":{"start":{"line":348,"column":23},"end":{"line":348,"column":24}},"loc":{"start":{"line":348,"column":43},"end":{"line":370,"column":1}},"line":348},"8":{"name":"(anonymous_8)","decl":{"start":{"line":376,"column":23},"end":{"line":376,"column":24}},"loc":{"start":{"line":376,"column":43},"end":{"line":395,"column":1}},"line":376},"9":{"name":"(anonymous_9)","decl":{"start":{"line":401,"column":31},"end":{"line":401,"column":32}},"loc":{"start":{"line":401,"column":51},"end":{"line":432,"column":1}},"line":401}},"branchMap":{"0":{"loc":{"start":{"line":42,"column":8},"end":{"line":48,"column":9}},"type":"if","locations":[{"start":{"line":42,"column":8},"end":{"line":48,"column":9}},{"start":{},"end":{}}],"line":42},"1":{"loc":{"start":{"line":54,"column":8},"end":{"line":60,"column":9}},"type":"if","locations":[{"start":{"line":54,"column":8},"end":{"line":60,"column":9}},{"start":{},"end":{}}],"line":54},"2":{"loc":{"start":{"line":54,"column":12},"end":{"line":54,"column":80}},"type":"binary-expr","locations":[{"start":{"line":54,"column":12},"end":{"line":54,"column":24}},{"start":{"line":54,"column":28},"end":{"line":54,"column":80}}],"line":54},"3":{"loc":{"start":{"line":70,"column":22},"end":{"line":70,"column":58}},"type":"cond-expr","locations":[{"start":{"line":70,"column":33},"end":{"line":70,"column":51}},{"start":{"line":70,"column":54},"end":{"line":70,"column":58}}],"line":70},"4":{"loc":{"start":{"line":77,"column":8},"end":{"line":83,"column":9}},"type":"if","locations":[{"start":{"line":77,"column":8},"end":{"line":83,"column":9}},{"start":{},"end":{}}],"line":77},"5":{"loc":{"start":{"line":77,"column":12},"end":{"line":77,"column":64}},"type":"binary-expr","locations":[{"start":{"line":77,"column":12},"end":{"line":77,"column":39}},{"start":{"line":77,"column":43},"end":{"line":77,"column":64}}],"line":77},"6":{"loc":{"start":{"line":87,"column":8},"end":{"line":92,"column":9}},"type":"if","locations":[{"start":{"line":87,"column":8},"end":{"line":92,"column":9}},{"start":{},"end":{}}],"line":87},"7":{"loc":{"start":{"line":88,"column":30},"end":{"line":88,"column":57}},"type":"binary-expr","locations":[{"start":{"line":88,"column":30},"end":{"line":88,"column":50}},{"start":{"line":88,"column":54},"end":{"line":88,"column":57}}],"line":88},"8":{"loc":{"start":{"line":99,"column":18},"end":{"line":99,"column":38}},"type":"binary-expr","locations":[{"start":{"line":99,"column":18},"end":{"line":99,"column":32}},{"start":{"line":99,"column":36},"end":{"line":99,"column":38}}],"line":99},"9":{"loc":{"start":{"line":119,"column":8},"end":{"line":125,"column":9}},"type":"if","locations":[{"start":{"line":119,"column":8},"end":{"line":125,"column":9}},{"start":{},"end":{}}],"line":119},"10":{"loc":{"start":{"line":132,"column":8},"end":{"line":148,"column":9}},"type":"if","locations":[{"start":{"line":132,"column":8},"end":{"line":148,"column":9}},{"start":{},"end":{}}],"line":132},"11":{"loc":{"start":{"line":135,"column":12},"end":{"line":140,"column":13}},"type":"if","locations":[{"start":{"line":135,"column":12},"end":{"line":140,"column":13}},{"start":{},"end":{}}],"line":135},"12":{"loc":{"start":{"line":157,"column":8},"end":{"line":162,"column":9}},"type":"if","locations":[{"start":{"line":157,"column":8},"end":{"line":162,"column":9}},{"start":{},"end":{}}],"line":157},"13":{"loc":{"start":{"line":158,"column":30},"end":{"line":158,"column":57}},"type":"binary-expr","locations":[{"start":{"line":158,"column":30},"end":{"line":158,"column":50}},{"start":{"line":158,"column":54},"end":{"line":158,"column":57}}],"line":158},"14":{"loc":{"start":{"line":189,"column":8},"end":{"line":195,"column":9}},"type":"if","locations":[{"start":{"line":189,"column":8},"end":{"line":195,"column":9}},{"start":{},"end":{}}],"line":189},"15":{"loc":{"start":{"line":202,"column":8},"end":{"line":207,"column":9}},"type":"if","locations":[{"start":{"line":202,"column":8},"end":{"line":207,"column":9}},{"start":{},"end":{}}],"line":202},"16":{"loc":{"start":{"line":237,"column":8},"end":{"line":242,"column":9}},"type":"if","locations":[{"start":{"line":237,"column":8},"end":{"line":242,"column":9}},{"start":{},"end":{}}],"line":237},"17":{"loc":{"start":{"line":246,"column":8},"end":{"line":251,"column":9}},"type":"if","locations":[{"start":{"line":246,"column":8},"end":{"line":251,"column":9}},{"start":{},"end":{}}],"line":246},"18":{"loc":{"start":{"line":276,"column":8},"end":{"line":286,"column":9}},"type":"if","locations":[{"start":{"line":276,"column":8},"end":{"line":286,"column":9}},{"start":{},"end":{}}],"line":276},"19":{"loc":{"start":{"line":316,"column":8},"end":{"line":324,"column":9}},"type":"if","locations":[{"start":{"line":316,"column":8},"end":{"line":324,"column":9}},{"start":{},"end":{}}],"line":316},"20":{"loc":{"start":{"line":353,"column":8},"end":{"line":353,"column":103}},"type":"if","locations":[{"start":{"line":353,"column":8},"end":{"line":353,"column":103}},{"start":{},"end":{}}],"line":353},"21":{"loc":{"start":{"line":357,"column":8},"end":{"line":359,"column":9}},"type":"if","locations":[{"start":{"line":357,"column":8},"end":{"line":359,"column":9}},{"start":{},"end":{}}],"line":357},"22":{"loc":{"start":{"line":403,"column":8},"end":{"line":412,"column":9}},"type":"if","locations":[{"start":{"line":403,"column":8},"end":{"line":412,"column":9}},{"start":{},"end":{}}],"line":403},"23":{"loc":{"start":{"line":419,"column":31},"end":{"line":419,"column":60}},"type":"binary-expr","locations":[{"start":{"line":419,"column":31},"end":{"line":419,"column":55}},{"start":{"line":419,"column":59},"end":{"line":419,"column":60}}],"line":419},"24":{"loc":{"start":{"line":420,"column":32},"end":{"line":420,"column":65}},"type":"binary-expr","locations":[{"start":{"line":420,"column":32},"end":{"line":420,"column":60}},{"start":{"line":420,"column":64},"end":{"line":420,"column":65}}],"line":420}},"s":{"0":1,"1":1,"2":1,"3":1,"4":1,"5":0,"6":0,"7":0,"8":0,"9":0,"10":0,"11":1,"12":0,"13":0,"14":0,"15":0,"16":0,"17":0,"18":0,"19":0,"20":0,"21":0,"22":0,"23":0,"24":0,"25":0,"26":0,"27":0,"28":0,"29":0,"30":0,"31":0,"32":0,"33":0,"34":1,"35":0,"36":0,"37":0,"38":0,"39":0,"40":0,"41":0,"42":0,"43":0,"44":0,"45":0,"46":0,"47":0,"48":0,"49":0,"50":0,"51":0,"52":0,"53":0,"54":0,"55":1,"56":0,"57":0,"58":0,"59":0,"60":0,"61":0,"62":0,"63":0,"64":0,"65":0,"66":0,"67":0,"68":0,"69":1,"70":0,"71":0,"72":0,"73":0,"74":0,"75":0,"76":0,"77":0,"78":0,"79":0,"80":0,"81":0,"82":1,"83":0,"84":0,"85":0,"86":0,"87":0,"88":0,"89":0,"90":0,"91":0,"92":1,"93":0,"94":0,"95":0,"96":0,"97":0,"98":0,"99":0,"100":0,"101":0,"102":1,"103":0,"104":0,"105":0,"106":0,"107":0,"108":0,"109":0,"110":0,"111":0,"112":0,"113":0,"114":1,"115":0,"116":0,"117":0,"118":0,"119":0,"120":0,"121":1,"122":0,"123":0,"124":0,"125":0,"126":0,"127":0,"128":0,"129":0,"130":0,"131":1},"f":{"0":0,"1":0,"2":0,"3":0,"4":0,"5":0,"6":0,"7":0,"8":0,"9":0},"b":{"0":[0,0],"1":[0,0],"2":[0,0],"3":[0,0],"4":[0,0],"5":[0,0],"6":[0,0],"7":[0,0],"8":[0,0],"9":[0,0],"10":[0,0],"11":[0,0],"12":[0,0],"13":[0,0],"14":[0,0],"15":[0,0],"16":[0,0],"17":[0,0],"18":[0,0],"19":[0,0],"20":[0,0],"21":[0,0],"22":[0,0],"23":[0,0],"24":[0,0]},"_coverageSchema":"1a1c01bbd47fc00a2c39e90264f33305004495a9","hash":"c2d43a040aeb1ba92dca128a10ac9e75dd271c0d"}
,"D:\\Projects\\Web\\Studies\\UTP\\Integrador I\\sportiva-ecommerce\\backend\\src\\controllers\\clienteController.js": {"path":"D:\\Projects\\Web\\Studies\\UTP\\Integrador I\\sportiva-ecommerce\\backend\\src\\controllers\\clienteController.js","statementMap":{"0":{"start":{"line":4,"column":20},"end":{"line":4,"column":40}},"1":{"start":{"line":5,"column":15},"end":{"line":5,"column":41}},"2":{"start":{"line":6,"column":29},"end":{"line":6,"column":57}},"3":{"start":{"line":11,"column":0},"end":{"line":29,"column":2}},"4":{"start":{"line":12,"column":4},"end":{"line":28,"column":5}},"5":{"start":{"line":13,"column":25},"end":{"line":13,"column":48}},"6":{"start":{"line":14,"column":8},"end":{"line":20,"column":11}},"7":{"start":{"line":17,"column":55},"end":{"line":17,"column":56}},"8":{"start":{"line":18,"column":16},"end":{"line":18,"column":32}},"9":{"start":{"line":22,"column":8},"end":{"line":22,"column":58}},"10":{"start":{"line":23,"column":8},"end":{"line":27,"column":11}},"11":{"start":{"line":34,"column":0},"end":{"line":57,"column":2}},"12":{"start":{"line":35,"column":4},"end":{"line":56,"column":5}},"13":{"start":{"line":36,"column":24},"end":{"line":36,"column":61}},"14":{"start":{"line":37,"column":8},"end":{"line":42,"column":9}},"15":{"start":{"line":38,"column":12},"end":{"line":41,"column":15}},"16":{"start":{"line":44,"column":47},"end":{"line":44,"column":54}},"17":{"start":{"line":45,"column":8},"end":{"line":48,"column":11}},"18":{"start":{"line":50,"column":8},"end":{"line":50,"column":64}},"19":{"start":{"line":51,"column":8},"end":{"line":55,"column":11}},"20":{"start":{"line":62,"column":0},"end":{"line":104,"column":2}},"21":{"start":{"line":63,"column":4},"end":{"line":103,"column":5}},"22":{"start":{"line":64,"column":23},"end":{"line":64,"column":33}},"23":{"start":{"line":65,"column":74},"end":{"line":65,"column":82}},"24":{"start":{"line":68,"column":8},"end":{"line":76,"column":9}},"25":{"start":{"line":69,"column":32},"end":{"line":69,"column":68}},"26":{"start":{"line":70,"column":12},"end":{"line":75,"column":13}},"27":{"start":{"line":71,"column":16},"end":{"line":74,"column":19}},"28":{"start":{"line":78,"column":27},"end":{"line":78,"column":84}},"29":{"start":{"line":81,"column":8},"end":{"line":81,"column":104}},"30":{"start":{"line":81,"column":47},"end":{"line":81,"column":102}},"31":{"start":{"line":83,"column":23},"end":{"line":83,"column":59}},"32":{"start":{"line":85,"column":8},"end":{"line":90,"column":9}},"33":{"start":{"line":86,"column":12},"end":{"line":89,"column":15}},"34":{"start":{"line":92,"column":8},"end":{"line":95,"column":11}},"35":{"start":{"line":97,"column":8},"end":{"line":97,"column":60}},"36":{"start":{"line":98,"column":8},"end":{"line":102,"column":11}},"37":{"start":{"line":109,"column":0},"end":{"line":142,"column":2}},"38":{"start":{"line":110,"column":4},"end":{"line":141,"column":5}},"39":{"start":{"line":111,"column":23},"end":{"line":111,"column":33}},"40":{"start":{"line":112,"column":27},"end":{"line":112,"column":35}},"41":{"start":{"line":114,"column":8},"end":{"line":119,"column":9}},"42":{"start":{"line":115,"column":12},"end":{"line":118,"column":15}},"43":{"start":{"line":121,"column":23},"end":{"line":121,"column":61}},"44":{"start":{"line":123,"column":8},"end":{"line":128,"column":9}},"45":{"start":{"line":124,"column":12},"end":{"line":127,"column":15}},"46":{"start":{"line":130,"column":8},"end":{"line":133,"column":11}},"47":{"start":{"line":135,"column":8},"end":{"line":135,"column":67}},"48":{"start":{"line":136,"column":8},"end":{"line":140,"column":11}}},"fnMap":{"0":{"name":"(anonymous_0)","decl":{"start":{"line":11,"column":25},"end":{"line":11,"column":26}},"loc":{"start":{"line":11,"column":45},"end":{"line":29,"column":1}},"line":11},"1":{"name":"(anonymous_1)","decl":{"start":{"line":16,"column":31},"end":{"line":16,"column":32}},"loc":{"start":{"line":16,"column":36},"end":{"line":19,"column":13}},"line":16},"2":{"name":"(anonymous_2)","decl":{"start":{"line":34,"column":25},"end":{"line":34,"column":26}},"loc":{"start":{"line":34,"column":45},"end":{"line":57,"column":1}},"line":34},"3":{"name":"(anonymous_3)","decl":{"start":{"line":62,"column":24},"end":{"line":62,"column":25}},"loc":{"start":{"line":62,"column":44},"end":{"line":104,"column":1}},"line":62},"4":{"name":"(anonymous_4)","decl":{"start":{"line":81,"column":40},"end":{"line":81,"column":41}},"loc":{"start":{"line":81,"column":47},"end":{"line":81,"column":102}},"line":81},"5":{"name":"(anonymous_5)","decl":{"start":{"line":109,"column":30},"end":{"line":109,"column":31}},"loc":{"start":{"line":109,"column":50},"end":{"line":142,"column":1}},"line":109}},"branchMap":{"0":{"loc":{"start":{"line":37,"column":8},"end":{"line":42,"column":9}},"type":"if","locations":[{"start":{"line":37,"column":8},"end":{"line":42,"column":9}},{"start":{},"end":{}}],"line":37},"1":{"loc":{"start":{"line":68,"column":8},"end":{"line":76,"column":9}},"type":"if","locations":[{"start":{"line":68,"column":8},"end":{"line":76,"column":9}},{"start":{},"end":{}}],"line":68},"2":{"loc":{"start":{"line":70,"column":12},"end":{"line":75,"column":13}},"type":"if","locations":[{"start":{"line":70,"column":12},"end":{"line":75,"column":13}},{"start":{},"end":{}}],"line":70},"3":{"loc":{"start":{"line":81,"column":47},"end":{"line":81,"column":102}},"type":"binary-expr","locations":[{"start":{"line":81,"column":47},"end":{"line":81,"column":76}},{"start":{"line":81,"column":80},"end":{"line":81,"column":102}}],"line":81},"4":{"loc":{"start":{"line":85,"column":8},"end":{"line":90,"column":9}},"type":"if","locations":[{"start":{"line":85,"column":8},"end":{"line":90,"column":9}},{"start":{},"end":{}}],"line":85},"5":{"loc":{"start":{"line":114,"column":8},"end":{"line":119,"column":9}},"type":"if","locations":[{"start":{"line":114,"column":8},"end":{"line":119,"column":9}},{"start":{},"end":{}}],"line":114},"6":{"loc":{"start":{"line":114,"column":12},"end":{"line":114,"column":66}},"type":"binary-expr","locations":[{"start":{"line":114,"column":12},"end":{"line":114,"column":32}},{"start":{"line":114,"column":37},"end":{"line":114,"column":49}},{"start":{"line":114,"column":53},"end":{"line":114,"column":65}}],"line":114},"7":{"loc":{"start":{"line":123,"column":8},"end":{"line":128,"column":9}},"type":"if","locations":[{"start":{"line":123,"column":8},"end":{"line":128,"column":9}},{"start":{},"end":{}}],"line":123},"8":{"loc":{"start":{"line":132,"column":32},"end":{"line":132,"column":73}},"type":"cond-expr","locations":[{"start":{"line":132,"column":47},"end":{"line":132,"column":57}},{"start":{"line":132,"column":60},"end":{"line":132,"column":73}}],"line":132}},"s":{"0":1,"1":1,"2":1,"3":1,"4":0,"5":0,"6":0,"7":0,"8":0,"9":0,"10":0,"11":1,"12":0,"13":0,"14":0,"15":0,"16":0,"17":0,"18":0,"19":0,"20":1,"21":0,"22":0,"23":0,"24":0,"25":0,"26":0,"27":0,"28":0,"29":0,"30":0,"31":0,"32":0,"33":0,"34":0,"35":0,"36":0,"37":1,"38":0,"39":0,"40":0,"41":0,"42":0,"43":0,"44":0,"45":0,"46":0,"47":0,"48":0},"f":{"0":0,"1":0,"2":0,"3":0,"4":0,"5":0},"b":{"0":[0,0],"1":[0,0],"2":[0,0],"3":[0,0],"4":[0,0],"5":[0,0],"6":[0,0,0],"7":[0,0],"8":[0,0]},"_coverageSchema":"1a1c01bbd47fc00a2c39e90264f33305004495a9","hash":"b408768eee11e7110beaaa6820983b056eb84e74"}
,"D:\\Projects\\Web\\Studies\\UTP\\Integrador I\\sportiva-ecommerce\\backend\\src\\controllers\\pedidoAdminController.js": {"path":"D:\\Projects\\Web\\Studies\\UTP\\Integrador I\\sportiva-ecommerce\\backend\\src\\controllers\\pedidoAdminController.js","statementMap":{"0":{"start":{"line":5,"column":27},"end":{"line":5,"column":68}},"1":{"start":{"line":6,"column":15},"end":{"line":6,"column":41}},"2":{"start":{"line":19,"column":8},"end":{"line":48,"column":9}},"3":{"start":{"line":20,"column":28},"end":{"line":27,"column":13}},"4":{"start":{"line":29,"column":31},"end":{"line":32,"column":13}},"5":{"start":{"line":34,"column":30},"end":{"line":34,"column":95}},"6":{"start":{"line":36,"column":12},"end":{"line":38,"column":13}},"7":{"start":{"line":37,"column":16},"end":{"line":37,"column":79}},"8":{"start":{"line":40,"column":12},"end":{"line":40,"column":44}},"9":{"start":{"line":43,"column":12},"end":{"line":43,"column":64}},"10":{"start":{"line":44,"column":12},"end":{"line":47,"column":15}},"11":{"start":{"line":60,"column":8},"end":{"line":77,"column":9}},"12":{"start":{"line":61,"column":27},"end":{"line":61,"column":37}},"13":{"start":{"line":63,"column":30},"end":{"line":63,"column":79}},"14":{"start":{"line":65,"column":12},"end":{"line":67,"column":13}},"15":{"start":{"line":66,"column":16},"end":{"line":66,"column":79}},"16":{"start":{"line":69,"column":12},"end":{"line":69,"column":44}},"17":{"start":{"line":72,"column":12},"end":{"line":72,"column":66}},"18":{"start":{"line":73,"column":12},"end":{"line":76,"column":15}},"19":{"start":{"line":89,"column":8},"end":{"line":119,"column":9}},"20":{"start":{"line":90,"column":27},"end":{"line":90,"column":37}},"21":{"start":{"line":91,"column":37},"end":{"line":91,"column":45}},"22":{"start":{"line":92,"column":34},"end":{"line":92,"column":51}},"23":{"start":{"line":94,"column":12},"end":{"line":99,"column":13}},"24":{"start":{"line":95,"column":16},"end":{"line":98,"column":19}},"25":{"start":{"line":101,"column":30},"end":{"line":105,"column":13}},"26":{"start":{"line":107,"column":12},"end":{"line":109,"column":13}},"27":{"start":{"line":108,"column":16},"end":{"line":108,"column":79}},"28":{"start":{"line":111,"column":12},"end":{"line":111,"column":44}},"29":{"start":{"line":114,"column":12},"end":{"line":114,"column":59}},"30":{"start":{"line":115,"column":12},"end":{"line":118,"column":15}},"31":{"start":{"line":131,"column":8},"end":{"line":161,"column":9}},"32":{"start":{"line":132,"column":27},"end":{"line":132,"column":37}},"33":{"start":{"line":133,"column":31},"end":{"line":133,"column":39}},"34":{"start":{"line":134,"column":34},"end":{"line":134,"column":51}},"35":{"start":{"line":136,"column":12},"end":{"line":141,"column":13}},"36":{"start":{"line":137,"column":16},"end":{"line":140,"column":19}},"37":{"start":{"line":143,"column":30},"end":{"line":147,"column":13}},"38":{"start":{"line":149,"column":12},"end":{"line":151,"column":13}},"39":{"start":{"line":150,"column":16},"end":{"line":150,"column":79}},"40":{"start":{"line":153,"column":12},"end":{"line":153,"column":44}},"41":{"start":{"line":156,"column":12},"end":{"line":156,"column":58}},"42":{"start":{"line":157,"column":12},"end":{"line":160,"column":15}},"43":{"start":{"line":173,"column":8},"end":{"line":204,"column":9}},"44":{"start":{"line":174,"column":27},"end":{"line":174,"column":37}},"45":{"start":{"line":175,"column":35},"end":{"line":175,"column":43}},"46":{"start":{"line":176,"column":34},"end":{"line":176,"column":51}},"47":{"start":{"line":179,"column":12},"end":{"line":184,"column":13}},"48":{"start":{"line":180,"column":16},"end":{"line":183,"column":19}},"49":{"start":{"line":186,"column":30},"end":{"line":190,"column":13}},"50":{"start":{"line":192,"column":12},"end":{"line":194,"column":13}},"51":{"start":{"line":193,"column":16},"end":{"line":193,"column":79}},"52":{"start":{"line":196,"column":12},"end":{"line":196,"column":44}},"53":{"start":{"line":199,"column":12},"end":{"line":199,"column":65}},"54":{"start":{"line":200,"column":12},"end":{"line":203,"column":15}},"55":{"start":{"line":216,"column":8},"end":{"line":236,"column":9}},"56":{"start":{"line":217,"column":28},"end":{"line":220,"column":13}},"57":{"start":{"line":222,"column":30},"end":{"line":222,"column":83}},"58":{"start":{"line":224,"column":12},"end":{"line":226,"column":13}},"59":{"start":{"line":225,"column":16},"end":{"line":225,"column":79}},"60":{"start":{"line":228,"column":12},"end":{"line":228,"column":44}},"61":{"start":{"line":231,"column":12},"end":{"line":231,"column":65}},"62":{"start":{"line":232,"column":12},"end":{"line":235,"column":15}},"63":{"start":{"line":248,"column":8},"end":{"line":269,"column":9}},"64":{"start":{"line":249,"column":28},"end":{"line":252,"column":13}},"65":{"start":{"line":254,"column":30},"end":{"line":254,"column":82}},"66":{"start":{"line":256,"column":12},"end":{"line":258,"column":13}},"67":{"start":{"line":257,"column":16},"end":{"line":257,"column":79}},"68":{"start":{"line":260,"column":12},"end":{"line":260,"column":61}},"69":{"start":{"line":261,"column":12},"end":{"line":261,"column":102}},"70":{"start":{"line":264,"column":12},"end":{"line":264,"column":44}},"71":{"start":{"line":267,"column":12},"end":{"line":267,"column":57}},"72":{"start":{"line":268,"column":12},"end":{"line":268,"column":87}},"73":{"start":{"line":278,"column":8},"end":{"line":302,"column":9}},"74":{"start":{"line":279,"column":28},"end":{"line":283,"column":13}},"75":{"start":{"line":285,"column":30},"end":{"line":285,"column":82}},"76":{"start":{"line":287,"column":12},"end":{"line":289,"column":13}},"77":{"start":{"line":288,"column":16},"end":{"line":288,"column":79}},"78":{"start":{"line":292,"column":12},"end":{"line":292,"column":54}},"79":{"start":{"line":293,"column":12},"end":{"line":293,"column":102}},"80":{"start":{"line":294,"column":12},"end":{"line":294,"column":53}},"81":{"start":{"line":297,"column":12},"end":{"line":297,"column":57}},"82":{"start":{"line":298,"column":12},"end":{"line":301,"column":15}},"83":{"start":{"line":306,"column":0},"end":{"line":306,"column":45}}},"fnMap":{"0":{"name":"(anonymous_0)","decl":{"start":{"line":18,"column":4},"end":{"line":18,"column":5}},"loc":{"start":{"line":18,"column":39},"end":{"line":49,"column":5}},"line":18},"1":{"name":"(anonymous_1)","decl":{"start":{"line":59,"column":4},"end":{"line":59,"column":5}},"loc":{"start":{"line":59,"column":41},"end":{"line":78,"column":5}},"line":59},"2":{"name":"(anonymous_2)","decl":{"start":{"line":88,"column":4},"end":{"line":88,"column":5}},"loc":{"start":{"line":88,"column":34},"end":{"line":120,"column":5}},"line":88},"3":{"name":"(anonymous_3)","decl":{"start":{"line":130,"column":4},"end":{"line":130,"column":5}},"loc":{"start":{"line":130,"column":33},"end":{"line":162,"column":5}},"line":130},"4":{"name":"(anonymous_4)","decl":{"start":{"line":172,"column":4},"end":{"line":172,"column":5}},"loc":{"start":{"line":172,"column":40},"end":{"line":205,"column":5}},"line":172},"5":{"name":"(anonymous_5)","decl":{"start":{"line":215,"column":4},"end":{"line":215,"column":5}},"loc":{"start":{"line":215,"column":40},"end":{"line":237,"column":5}},"line":215},"6":{"name":"(anonymous_6)","decl":{"start":{"line":247,"column":4},"end":{"line":247,"column":5}},"loc":{"start":{"line":247,"column":32},"end":{"line":270,"column":5}},"line":247},"7":{"name":"(anonymous_7)","decl":{"start":{"line":277,"column":4},"end":{"line":277,"column":5}},"loc":{"start":{"line":277,"column":32},"end":{"line":303,"column":5}},"line":277}},"branchMap":{"0":{"loc":{"start":{"line":36,"column":12},"end":{"line":38,"column":13}},"type":"if","locations":[{"start":{"line":36,"column":12},"end":{"line":38,"column":13}},{"start":{},"end":{}}],"line":36},"1":{"loc":{"start":{"line":37,"column":34},"end":{"line":37,"column":61}},"type":"binary-expr","locations":[{"start":{"line":37,"column":34},"end":{"line":37,"column":54}},{"start":{"line":37,"column":58},"end":{"line":37,"column":61}}],"line":37},"2":{"loc":{"start":{"line":65,"column":12},"end":{"line":67,"column":13}},"type":"if","locations":[{"start":{"line":65,"column":12},"end":{"line":67,"column":13}},{"start":{},"end":{}}],"line":65},"3":{"loc":{"start":{"line":66,"column":34},"end":{"line":66,"column":61}},"type":"binary-expr","locations":[{"start":{"line":66,"column":34},"end":{"line":66,"column":54}},{"start":{"line":66,"column":58},"end":{"line":66,"column":61}}],"line":66},"4":{"loc":{"start":{"line":94,"column":12},"end":{"line":99,"column":13}},"type":"if","locations":[{"start":{"line":94,"column":12},"end":{"line":99,"column":13}},{"start":{},"end":{}}],"line":94},"5":{"loc":{"start":{"line":107,"column":12},"end":{"line":109,"column":13}},"type":"if","locations":[{"start":{"line":107,"column":12},"end":{"line":109,"column":13}},{"start":{},"end":{}}],"line":107},"6":{"loc":{"start":{"line":108,"column":34},"end":{"line":108,"column":61}},"type":"binary-expr","locations":[{"start":{"line":108,"column":34},"end":{"line":108,"column":54}},{"start":{"line":108,"column":58},"end":{"line":108,"column":61}}],"line":108},"7":{"loc":{"start":{"line":136,"column":12},"end":{"line":141,"column":13}},"type":"if","locations":[{"start":{"line":136,"column":12},"end":{"line":141,"column":13}},{"start":{},"end":{}}],"line":136},"8":{"loc":{"start":{"line":149,"column":12},"end":{"line":151,"column":13}},"type":"if","locations":[{"start":{"line":149,"column":12},"end":{"line":151,"column":13}},{"start":{},"end":{}}],"line":149},"9":{"loc":{"start":{"line":150,"column":34},"end":{"line":150,"column":61}},"type":"binary-expr","locations":[{"start":{"line":150,"column":34},"end":{"line":150,"column":54}},{"start":{"line":150,"column":58},"end":{"line":150,"column":61}}],"line":150},"10":{"loc":{"start":{"line":179,"column":12},"end":{"line":184,"column":13}},"type":"if","locations":[{"start":{"line":179,"column":12},"end":{"line":184,"column":13}},{"start":{},"end":{}}],"line":179},"11":{"loc":{"start":{"line":179,"column":16},"end":{"line":179,"column":76}},"type":"binary-expr","locations":[{"start":{"line":179,"column":16},"end":{"line":179,"column":48}},{"start":{"line":179,"column":52},"end":{"line":179,"column":76}}],"line":179},"12":{"loc":{"start":{"line":192,"column":12},"end":{"line":194,"column":13}},"type":"if","locations":[{"start":{"line":192,"column":12},"end":{"line":194,"column":13}},{"start":{},"end":{}}],"line":192},"13":{"loc":{"start":{"line":193,"column":34},"end":{"line":193,"column":61}},"type":"binary-expr","locations":[{"start":{"line":193,"column":34},"end":{"line":193,"column":54}},{"start":{"line":193,"column":58},"end":{"line":193,"column":61}}],"line":193},"14":{"loc":{"start":{"line":224,"column":12},"end":{"line":226,"column":13}},"type":"if","locations":[{"start":{"line":224,"column":12},"end":{"line":226,"column":13}},{"start":{},"end":{}}],"line":224},"15":{"loc":{"start":{"line":225,"column":34},"end":{"line":225,"column":61}},"type":"binary-expr","locations":[{"start":{"line":225,"column":34},"end":{"line":225,"column":54}},{"start":{"line":225,"column":58},"end":{"line":225,"column":61}}],"line":225},"16":{"loc":{"start":{"line":256,"column":12},"end":{"line":258,"column":13}},"type":"if","locations":[{"start":{"line":256,"column":12},"end":{"line":258,"column":13}},{"start":{},"end":{}}],"line":256},"17":{"loc":{"start":{"line":257,"column":34},"end":{"line":257,"column":61}},"type":"binary-expr","locations":[{"start":{"line":257,"column":34},"end":{"line":257,"column":54}},{"start":{"line":257,"column":58},"end":{"line":257,"column":61}}],"line":257},"18":{"loc":{"start":{"line":287,"column":12},"end":{"line":289,"column":13}},"type":"if","locations":[{"start":{"line":287,"column":12},"end":{"line":289,"column":13}},{"start":{},"end":{}}],"line":287},"19":{"loc":{"start":{"line":288,"column":34},"end":{"line":288,"column":61}},"type":"binary-expr","locations":[{"start":{"line":288,"column":34},"end":{"line":288,"column":54}},{"start":{"line":288,"column":58},"end":{"line":288,"column":61}}],"line":288}},"s":{"0":1,"1":1,"2":0,"3":0,"4":0,"5":0,"6":0,"7":0,"8":0,"9":0,"10":0,"11":0,"12":0,"13":0,"14":0,"15":0,"16":0,"17":0,"18":0,"19":0,"20":0,"21":0,"22":0,"23":0,"24":0,"25":0,"26":0,"27":0,"28":0,"29":0,"30":0,"31":0,"32":0,"33":0,"34":0,"35":0,"36":0,"37":0,"38":0,"39":0,"40":0,"41":0,"42":0,"43":0,"44":0,"45":0,"46":0,"47":0,"48":0,"49":0,"50":0,"51":0,"52":0,"53":0,"54":0,"55":0,"56":0,"57":0,"58":0,"59":0,"60":0,"61":0,"62":0,"63":0,"64":0,"65":0,"66":0,"67":0,"68":0,"69":0,"70":0,"71":0,"72":0,"73":0,"74":0,"75":0,"76":0,"77":0,"78":0,"79":0,"80":0,"81":0,"82":0,"83":1},"f":{"0":0,"1":0,"2":0,"3":0,"4":0,"5":0,"6":0,"7":0},"b":{"0":[0,0],"1":[0,0],"2":[0,0],"3":[0,0],"4":[0,0],"5":[0,0],"6":[0,0],"7":[0,0],"8":[0,0],"9":[0,0],"10":[0,0],"11":[0,0],"12":[0,0],"13":[0,0],"14":[0,0],"15":[0,0],"16":[0,0],"17":[0,0],"18":[0,0],"19":[0,0]},"_coverageSchema":"1a1c01bbd47fc00a2c39e90264f33305004495a9","hash":"064077b64e250ebfc44dcd807a5fef4134fa9acf"}
,"D:\\Projects\\Web\\Studies\\UTP\\Integrador I\\sportiva-ecommerce\\backend\\src\\controllers\\pedidoController.js": {"path":"D:\\Projects\\Web\\Studies\\UTP\\Integrador I\\sportiva-ecommerce\\backend\\src\\controllers\\pedidoController.js","statementMap":{"0":{"start":{"line":5,"column":34},"end":{"line":5,"column":54}},"1":{"start":{"line":6,"column":15},"end":{"line":6,"column":41}},"2":{"start":{"line":7,"column":29},"end":{"line":7,"column":57}},"3":{"start":{"line":13,"column":0},"end":{"line":50,"column":2}},"4":{"start":{"line":14,"column":4},"end":{"line":49,"column":5}},"5":{"start":{"line":15,"column":26},"end":{"line":15,"column":40}},"6":{"start":{"line":16,"column":72},"end":{"line":16,"column":81}},"7":{"start":{"line":18,"column":24},"end":{"line":22,"column":9}},"8":{"start":{"line":24,"column":23},"end":{"line":24,"column":41}},"9":{"start":{"line":26,"column":24},"end":{"line":26,"column":92}},"10":{"start":{"line":27,"column":22},"end":{"line":27,"column":69}},"11":{"start":{"line":29,"column":8},"end":{"line":40,"column":11}},"12":{"start":{"line":43,"column":8},"end":{"line":43,"column":57}},"13":{"start":{"line":44,"column":8},"end":{"line":48,"column":11}},"14":{"start":{"line":56,"column":0},"end":{"line":110,"column":2}},"15":{"start":{"line":57,"column":4},"end":{"line":109,"column":5}},"16":{"start":{"line":58,"column":23},"end":{"line":58,"column":44}},"17":{"start":{"line":59,"column":8},"end":{"line":65,"column":9}},"18":{"start":{"line":60,"column":12},"end":{"line":64,"column":15}},"19":{"start":{"line":67,"column":26},"end":{"line":67,"column":40}},"20":{"start":{"line":70,"column":30},"end":{"line":80,"column":9}},"21":{"start":{"line":83,"column":30},"end":{"line":83,"column":66}},"22":{"start":{"line":84,"column":26},"end":{"line":84,"column":95}},"23":{"start":{"line":86,"column":8},"end":{"line":92,"column":9}},"24":{"start":{"line":87,"column":12},"end":{"line":91,"column":15}},"25":{"start":{"line":94,"column":8},"end":{"line":94,"column":115}},"26":{"start":{"line":96,"column":8},"end":{"line":100,"column":11}},"27":{"start":{"line":103,"column":8},"end":{"line":103,"column":54}},"28":{"start":{"line":104,"column":8},"end":{"line":108,"column":11}},"29":{"start":{"line":116,"column":0},"end":{"line":161,"column":10}},"30":{"start":{"line":117,"column":4},"end":{"line":160,"column":13}},"31":{"start":{"line":118,"column":23},"end":{"line":118,"column":44}},"32":{"start":{"line":119,"column":8},"end":{"line":125,"column":9}},"33":{"start":{"line":120,"column":12},"end":{"line":124,"column":15}},"34":{"start":{"line":127,"column":25},"end":{"line":127,"column":38}},"35":{"start":{"line":128,"column":26},"end":{"line":128,"column":40}},"36":{"start":{"line":130,"column":23},"end":{"line":130,"column":65}},"37":{"start":{"line":132,"column":8},"end":{"line":137,"column":9}},"38":{"start":{"line":133,"column":12},"end":{"line":136,"column":15}},"39":{"start":{"line":139,"column":8},"end":{"line":144,"column":17}},"40":{"start":{"line":140,"column":20},"end":{"line":143,"column":23}},"41":{"start":{"line":146,"column":16},"end":{"line":151,"column":19}},"42":{"start":{"line":154,"column":16},"end":{"line":154,"column":64}},"43":{"start":{"line":155,"column":16},"end":{"line":159,"column":19}},"44":{"start":{"line":167,"column":0},"end":{"line":232,"column":2}},"45":{"start":{"line":168,"column":4},"end":{"line":231,"column":5}},"46":{"start":{"line":169,"column":23},"end":{"line":169,"column":44}},"47":{"start":{"line":170,"column":8},"end":{"line":176,"column":9}},"48":{"start":{"line":171,"column":12},"end":{"line":175,"column":15}},"49":{"start":{"line":178,"column":25},"end":{"line":178,"column":38}},"50":{"start":{"line":179,"column":26},"end":{"line":179,"column":40}},"51":{"start":{"line":180,"column":27},"end":{"line":180,"column":35}},"52":{"start":{"line":182,"column":23},"end":{"line":182,"column":54}},"53":{"start":{"line":184,"column":8},"end":{"line":189,"column":9}},"54":{"start":{"line":185,"column":12},"end":{"line":188,"column":15}},"55":{"start":{"line":192,"column":8},"end":{"line":197,"column":9}},"56":{"start":{"line":193,"column":12},"end":{"line":196,"column":15}},"57":{"start":{"line":200,"column":37},"end":{"line":200,"column":74}},"58":{"start":{"line":201,"column":8},"end":{"line":206,"column":9}},"59":{"start":{"line":202,"column":12},"end":{"line":205,"column":15}},"60":{"start":{"line":208,"column":26},"end":{"line":208,"column":63}},"61":{"start":{"line":210,"column":8},"end":{"line":215,"column":9}},"62":{"start":{"line":211,"column":12},"end":{"line":214,"column":15}},"63":{"start":{"line":217,"column":8},"end":{"line":217,"column":100}},"64":{"start":{"line":219,"column":8},"end":{"line":222,"column":11}},"65":{"start":{"line":225,"column":8},"end":{"line":225,"column":57}},"66":{"start":{"line":226,"column":8},"end":{"line":230,"column":11}},"67":{"start":{"line":238,"column":0},"end":{"line":325,"column":2}},"68":{"start":{"line":239,"column":4},"end":{"line":324,"column":5}},"69":{"start":{"line":240,"column":23},"end":{"line":240,"column":44}},"70":{"start":{"line":241,"column":8},"end":{"line":247,"column":9}},"71":{"start":{"line":242,"column":12},"end":{"line":246,"column":15}},"72":{"start":{"line":249,"column":25},"end":{"line":249,"column":38}},"73":{"start":{"line":250,"column":26},"end":{"line":250,"column":40}},"74":{"start":{"line":251,"column":61},"end":{"line":251,"column":69}},"75":{"start":{"line":253,"column":23},"end":{"line":253,"column":54}},"76":{"start":{"line":255,"column":8},"end":{"line":260,"column":9}},"77":{"start":{"line":256,"column":12},"end":{"line":259,"column":15}},"78":{"start":{"line":263,"column":8},"end":{"line":268,"column":9}},"79":{"start":{"line":264,"column":12},"end":{"line":267,"column":15}},"80":{"start":{"line":271,"column":8},"end":{"line":276,"column":9}},"81":{"start":{"line":272,"column":12},"end":{"line":275,"column":15}},"82":{"start":{"line":279,"column":21},"end":{"line":285,"column":10}},"83":{"start":{"line":287,"column":8},"end":{"line":292,"column":9}},"84":{"start":{"line":288,"column":12},"end":{"line":291,"column":15}},"85":{"start":{"line":295,"column":8},"end":{"line":295,"column":58}},"86":{"start":{"line":297,"column":8},"end":{"line":297,"column":102}},"87":{"start":{"line":299,"column":8},"end":{"line":315,"column":11}},"88":{"start":{"line":318,"column":8},"end":{"line":318,"column":55}},"89":{"start":{"line":319,"column":8},"end":{"line":323,"column":11}},"90":{"start":{"line":331,"column":0},"end":{"line":380,"column":2}},"91":{"start":{"line":332,"column":4},"end":{"line":379,"column":5}},"92":{"start":{"line":333,"column":23},"end":{"line":333,"column":44}},"93":{"start":{"line":334,"column":8},"end":{"line":340,"column":9}},"94":{"start":{"line":335,"column":12},"end":{"line":339,"column":15}},"95":{"start":{"line":342,"column":25},"end":{"line":342,"column":38}},"96":{"start":{"line":343,"column":26},"end":{"line":343,"column":40}},"97":{"start":{"line":345,"column":23},"end":{"line":345,"column":54}},"98":{"start":{"line":347,"column":8},"end":{"line":352,"column":9}},"99":{"start":{"line":348,"column":12},"end":{"line":351,"column":15}},"100":{"start":{"line":355,"column":8},"end":{"line":360,"column":9}},"101":{"start":{"line":356,"column":12},"end":{"line":359,"column":15}},"102":{"start":{"line":362,"column":8},"end":{"line":370,"column":11}},"103":{"start":{"line":373,"column":8},"end":{"line":373,"column":67}},"104":{"start":{"line":374,"column":8},"end":{"line":378,"column":11}},"105":{"start":{"line":386,"column":0},"end":{"line":442,"column":2}},"106":{"start":{"line":387,"column":4},"end":{"line":441,"column":5}},"107":{"start":{"line":388,"column":23},"end":{"line":388,"column":44}},"108":{"start":{"line":389,"column":8},"end":{"line":395,"column":9}},"109":{"start":{"line":390,"column":12},"end":{"line":394,"column":15}},"110":{"start":{"line":397,"column":25},"end":{"line":397,"column":38}},"111":{"start":{"line":398,"column":26},"end":{"line":398,"column":40}},"112":{"start":{"line":399,"column":57},"end":{"line":399,"column":65}},"113":{"start":{"line":402,"column":23},"end":{"line":402,"column":54}},"114":{"start":{"line":404,"column":8},"end":{"line":409,"column":9}},"115":{"start":{"line":405,"column":12},"end":{"line":408,"column":15}},"116":{"start":{"line":411,"column":8},"end":{"line":416,"column":9}},"117":{"start":{"line":412,"column":12},"end":{"line":415,"column":15}},"118":{"start":{"line":419,"column":8},"end":{"line":424,"column":9}},"119":{"start":{"line":420,"column":12},"end":{"line":423,"column":15}},"120":{"start":{"line":427,"column":8},"end":{"line":427,"column":119}},"121":{"start":{"line":429,"column":8},"end":{"line":432,"column":11}},"122":{"start":{"line":435,"column":8},"end":{"line":435,"column":56}},"123":{"start":{"line":436,"column":8},"end":{"line":440,"column":11}},"124":{"start":{"line":448,"column":0},"end":{"line":493,"column":2}},"125":{"start":{"line":449,"column":4},"end":{"line":492,"column":5}},"126":{"start":{"line":450,"column":23},"end":{"line":450,"column":44}},"127":{"start":{"line":451,"column":8},"end":{"line":457,"column":9}},"128":{"start":{"line":452,"column":12},"end":{"line":456,"column":15}},"129":{"start":{"line":459,"column":25},"end":{"line":459,"column":38}},"130":{"start":{"line":460,"column":26},"end":{"line":460,"column":40}},"131":{"start":{"line":461,"column":23},"end":{"line":461,"column":65}},"132":{"start":{"line":463,"column":8},"end":{"line":468,"column":9}},"133":{"start":{"line":464,"column":12},"end":{"line":467,"column":15}},"134":{"start":{"line":470,"column":8},"end":{"line":475,"column":9}},"135":{"start":{"line":471,"column":12},"end":{"line":474,"column":15}},"136":{"start":{"line":478,"column":8},"end":{"line":478,"column":89}},"137":{"start":{"line":480,"column":8},"end":{"line":483,"column":11}},"138":{"start":{"line":486,"column":8},"end":{"line":486,"column":59}},"139":{"start":{"line":487,"column":8},"end":{"line":491,"column":11}},"140":{"start":{"line":499,"column":0},"end":{"line":520,"column":2}},"141":{"start":{"line":500,"column":4},"end":{"line":519,"column":5}},"142":{"start":{"line":501,"column":26},"end":{"line":501,"column":40}},"143":{"start":{"line":503,"column":29},"end":{"line":503,"column":68}},"144":{"start":{"line":505,"column":8},"end":{"line":510,"column":11}},"145":{"start":{"line":513,"column":8},"end":{"line":513,"column":62}},"146":{"start":{"line":514,"column":8},"end":{"line":518,"column":11}},"147":{"start":{"line":526,"column":0},"end":{"line":547,"column":2}},"148":{"start":{"line":527,"column":4},"end":{"line":546,"column":5}},"149":{"start":{"line":528,"column":45},"end":{"line":528,"column":54}},"150":{"start":{"line":529,"column":24},"end":{"line":529,"column":26}},"151":{"start":{"line":530,"column":8},"end":{"line":530,"column":59}},"152":{"start":{"line":530,"column":25},"end":{"line":530,"column":59}},"153":{"start":{"line":531,"column":8},"end":{"line":531,"column":59}},"154":{"start":{"line":531,"column":25},"end":{"line":531,"column":59}},"155":{"start":{"line":533,"column":29},"end":{"line":533,"column":59}},"156":{"start":{"line":535,"column":8},"end":{"line":538,"column":11}},"157":{"start":{"line":540,"column":8},"end":{"line":540,"column":73}},"158":{"start":{"line":541,"column":8},"end":{"line":545,"column":11}},"159":{"start":{"line":549,"column":0},"end":{"line":549,"column":25}}},"fnMap":{"0":{"name":"(anonymous_0)","decl":{"start":{"line":13,"column":25},"end":{"line":13,"column":26}},"loc":{"start":{"line":13,"column":45},"end":{"line":50,"column":1}},"line":13},"1":{"name":"(anonymous_1)","decl":{"start":{"line":56,"column":22},"end":{"line":56,"column":23}},"loc":{"start":{"line":56,"column":42},"end":{"line":110,"column":1}},"line":56},"2":{"name":"(anonymous_2)","decl":{"start":{"line":116,"column":29},"end":{"line":116,"column":30}},"loc":{"start":{"line":116,"column":49},"end":{"line":161,"column":9}},"line":116},"3":{"name":"(anonymous_3)","decl":{"start":{"line":167,"column":25},"end":{"line":167,"column":26}},"loc":{"start":{"line":167,"column":45},"end":{"line":232,"column":1}},"line":167},"4":{"name":"(anonymous_4)","decl":{"start":{"line":238,"column":23},"end":{"line":238,"column":24}},"loc":{"start":{"line":238,"column":43},"end":{"line":325,"column":1}},"line":238},"5":{"name":"(anonymous_5)","decl":{"start":{"line":331,"column":30},"end":{"line":331,"column":31}},"loc":{"start":{"line":331,"column":50},"end":{"line":380,"column":1}},"line":331},"6":{"name":"(anonymous_6)","decl":{"start":{"line":386,"column":24},"end":{"line":386,"column":25}},"loc":{"start":{"line":386,"column":44},"end":{"line":442,"column":1}},"line":386},"7":{"name":"(anonymous_7)","decl":{"start":{"line":448,"column":27},"end":{"line":448,"column":28}},"loc":{"start":{"line":448,"column":47},"end":{"line":493,"column":1}},"line":448},"8":{"name":"(anonymous_8)","decl":{"start":{"line":499,"column":30},"end":{"line":499,"column":31}},"loc":{"start":{"line":499,"column":50},"end":{"line":520,"column":1}},"line":499},"9":{"name":"(anonymous_9)","decl":{"start":{"line":526,"column":39},"end":{"line":526,"column":40}},"loc":{"start":{"line":526,"column":59},"end":{"line":547,"column":1}},"line":526}},"branchMap":{"0":{"loc":{"start":{"line":16,"column":47},"end":{"line":16,"column":55}},"type":"default-arg","locations":[{"start":{"line":16,"column":54},"end":{"line":16,"column":55}}],"line":16},"1":{"loc":{"start":{"line":16,"column":57},"end":{"line":16,"column":67}},"type":"default-arg","locations":[{"start":{"line":16,"column":65},"end":{"line":16,"column":67}}],"line":16},"2":{"loc":{"start":{"line":59,"column":8},"end":{"line":65,"column":9}},"type":"if","locations":[{"start":{"line":59,"column":8},"end":{"line":65,"column":9}},{"start":{},"end":{}}],"line":59},"3":{"loc":{"start":{"line":71,"column":32},"end":{"line":71,"column":67}},"type":"binary-expr","locations":[{"start":{"line":71,"column":32},"end":{"line":71,"column":59}},{"start":{"line":71,"column":63},"end":{"line":71,"column":67}}],"line":71},"4":{"loc":{"start":{"line":72,"column":29},"end":{"line":72,"column":61}},"type":"binary-expr","locations":[{"start":{
[...]
lumn":23},"end":{"line":249,"column":24}},"loc":{"start":{"line":249,"column":32},"end":{"line":249,"column":50}},"line":249},"8":{"name":"(anonymous_8)","decl":{"start":{"line":250,"column":22},"end":{"line":250,"column":23}},"loc":{"start":{"line":250,"column":28},"end":{"line":250,"column":58}},"line":250},"9":{"name":"(anonymous_9)","decl":{"start":{"line":258,"column":27},"end":{"line":258,"column":28}},"loc":{"start":{"line":258,"column":34},"end":{"line":268,"column":9}},"line":258},"10":{"name":"(anonymous_10)","decl":{"start":{"line":276,"column":43},"end":{"line":276,"column":44}},"loc":{"start":{"line":276,"column":55},"end":{"line":276,"column":92}},"line":276},"11":{"name":"(anonymous_11)","decl":{"start":{"line":292,"column":24},"end":{"line":292,"column":25}},"loc":{"start":{"line":292,"column":36},"end":{"line":313,"column":9}},"line":292},"12":{"name":"(anonymous_12)","decl":{"start":{"line":328,"column":2},"end":{"line":328,"column":3}},"loc":{"start":{"line":328,"column":38},"end":{"line":337,"column":3}},"line":328}},"branchMap":{"0":{"loc":{"start":{"line":14,"column":51},"end":{"line":14,"column":66}},"type":"default-arg","locations":[{"start":{"line":14,"column":58},"end":{"line":14,"column":66}}],"line":14},"1":{"loc":{"start":{"line":21,"column":22},"end":{"line":21,"column":63}},"type":"cond-expr","locations":[{"start":{"line":21,"column":43},"end":{"line":21,"column":52}},{"start":{"line":21,"column":55},"end":{"line":21,"column":63}}],"line":21},"2":{"loc":{"start":{"line":92,"column":21},"end":{"line":92,"column":55}},"type":"cond-expr","locations":[{"start":{"line":92,"column":42},"end":{"line":92,"column":47}},{"start":{"line":92,"column":50},"end":{"line":92,"column":55}}],"line":92},"3":{"loc":{"start":{"line":92,"column":60},"end":{"line":92,"column":113}},"type":"cond-expr","locations":[{"start":{"line":92,"column":81},"end":{"line":92,"column":99}},{"start":{"line":92,"column":102},"end":{"line":92,"column":113}}],"line":92},"4":{"loc":{"start":{"line":94,"column":8},"end":{"line":100,"column":9}},"type":"if","locations":[{"start":{"line":94,"column":8},"end":{"line":100,"column":9}},{"start":{"line":97,"column":15},"end":{"line":100,"column":9}}],"line":94},"5":{"loc":{"start":{"line":99,"column":32},"end":{"line":99,"column":57}},"type":"binary-expr","locations":[{"start":{"line":99,"column":32},"end":{"line":99,"column":48}},{"start":{"line":99,"column":52},"end":{"line":99,"column":57}}],"line":99},"6":{"loc":{"start":{"line":130,"column":24},"end":{"line":130,"column":63}},"type":"cond-expr","locations":[{"start":{"line":130,"column":42},"end":{"line":130,"column":51}},{"start":{"line":130,"column":54},"end":{"line":130,"column":63}}],"line":130},"7":{"loc":{"start":{"line":137,"column":20},"end":{"line":137,"column":37}},"type":"binary-expr","locations":[{"start":{"line":137,"column":20},"end":{"line":137,"column":30}},{"start":{"line":137,"column":34},"end":{"line":137,"column":37}}],"line":137},"8":{"loc":{"start":{"line":276,"column":72},"end":{"line":276,"column":91}},"type":"binary-expr","locations":[{"start":{"line":276,"column":72},"end":{"line":276,"column":86}},{"start":{"line":276,"column":90},"end":{"line":276,"column":91}}],"line":276},"9":{"loc":{"start":{"line":277,"column":31},"end":{"line":277,"column":84}},"type":"cond-expr","locations":[{"start":{"line":277,"column":52},"end":{"line":277,"column":80}},{"start":{"line":277,"column":83},"end":{"line":277,"column":84}}],"line":277},"10":{"loc":{"start":{"line":293,"column":10},"end":{"line":299,"column":11}},"type":"if","locations":[{"start":{"line":293,"column":10},"end":{"line":299,"column":11}},{"start":{},"end":{}}],"line":293},"11":{"loc":{"start":{"line":301,"column":40},"end":{"line":301,"column":64}},"type":"binary-expr","locations":[{"start":{"line":301,"column":40},"end":{"line":301,"column":59}},{"start":{"line":301,"column":63},"end":{"line":301,"column":64}}],"line":301},"12":{"loc":{"start":{"line":303,"column":24},"end":{"line":303,"column":50}},"type":"binary-expr","locations":[{"start":{"line":303,"column":24},"end":{"line":303,"column":45}},{"start":{"line":303,"column":49},"end":{"line":303,"column":50}}],"line":303},"13":{"loc":{"start":{"line":306,"column":19},"end":{"line":306,"column":59}},"type":"binary-expr","locations":[{"start":{"line":306,"column":19},"end":{"line":306,"column":39}},{"start":{"line":306,"column":43},"end":{"line":306,"column":59}}],"line":306},"14":{"loc":{"start":{"line":308,"column":23},"end":{"line":308,"column":50}},"type":"binary-expr","locations":[{"start":{"line":308,"column":23},"end":{"line":308,"column":44}},{"start":{"line":308,"column":48},"end":{"line":308,"column":50}}],"line":308},"15":{"loc":{"start":{"line":336,"column":11},"end":{"line":336,"column":36}},"type":"binary-expr","locations":[{"start":{"line":336,"column":11},"end":{"line":336,"column":26}},{"start":{"line":336,"column":30},"end":{"line":336,"column":36}}],"line":336}},"s":{"0":1,"1":1,"2":0,"3":0,"4":0,"5":0,"6":0,"7":0,"8":0,"9":0,"10":0,"11":0,"12":0,"13":0,"14":0,"15":0,"16":0,"17":0,"18":0,"19":0,"20":0,"21":0,"22":0,"23":0,"24":0,"25":0,"26":0,"27":0,"28":0,"29":0,"30":0,"31":0,"32":0,"33":0,"34":0,"35":0,"36":0,"37":0,"38":0,"39":0,"40":0,"41":0,"42":0,"43":0,"44":0,"45":0,"46":0,"47":0,"48":0,"49":0,"50":0,"51":0,"52":0,"53":0,"54":0,"55":0,"56":0,"57":0,"58":0,"59":0,"60":0,"61":0,"62":0,"63":0,"64":0,"65":0,"66":0,"67":0,"68":0,"69":0,"70":0,"71":0,"72":0,"73":0,"74":0,"75":0,"76":0,"77":0,"78":0,"79":0,"80":0,"81":0,"82":0,"83":0,"84":0,"85":0,"86":0,"87":0,"88":0,"89":0,"90":0,"91":0,"92":0,"93":0,"94":0,"95":0,"96":0,"97":0,"98":0,"99":0,"100":0,"101":0,"102":0,"103":0,"104":0,"105":0,"106":0,"107":0,"108":0,"109":0,"110":0,"111":0,"112":1},"f":{"0":0,"1":0,"2":0,"3":0,"4":0,"5":0,"6":0,"7":0,"8":0,"9":0,"10":0,"11":0,"12":0},"b":{"0":[0],"1":[0,0],"2":[0,0],"3":[0,0],"4":[0,0],"5":[0,0],"6":[0,0],"7":[0,0],"8":[0,0],"9":[0,0],"10":[0,0],"11":[0,0],"12":[0,0],"13":[0,0],"14":[0,0],"15":[0,0]},"_coverageSchema":"1a1c01bbd47fc00a2c39e90264f33305004495a9","hash":"6cf12e03cb1923cfe6c644ee4d35f7602f07606a"}
,"D:\\Projects\\Web\\Studies\\UTP\\Integrador I\\sportiva-ecommerce\\backend\\src\\validators\\authValidator.js": {"path":"D:\\Projects\\Web\\Studies\\UTP\\Integrador I\\sportiva-ecommerce\\backend\\src\\validators\\authValidator.js","statementMap":{"0":{"start":{"line":7,"column":35},"end":{"line":7,"column":63}},"1":{"start":{"line":12,"column":31},"end":{"line":25,"column":1}},"2":{"start":{"line":13,"column":17},"end":{"line":13,"column":38}},"3":{"start":{"line":14,"column":2},"end":{"line":23,"column":3}},"4":{"start":{"line":15,"column":4},"end":{"line":22,"column":7}},"5":{"start":{"line":18,"column":41},"end":{"line":21,"column":7}},"6":{"start":{"line":24,"column":2},"end":{"line":24,"column":9}},"7":{"start":{"line":30,"column":25},"end":{"line":74,"column":1}},"8":{"start":{"line":51,"column":6},"end":{"line":53,"column":7}},"9":{"start":{"line":52,"column":8},"end":{"line":52,"column":139}},"10":{"start":{"line":54,"column":6},"end":{"line":54,"column":18}},"11":{"start":{"line":79,"column":22},"end":{"line":91,"column":1}},"12":{"start":{"line":96,"column":31},"end":{"line":116,"column":1}},"13":{"start":{"line":109,"column":6},"end":{"line":111,"column":7}},"14":{"start":{"line":110,"column":8},"end":{"line":110,"column":56}},"15":{"start":{"line":112,"column":6},"end":{"line":112,"column":18}},"16":{"start":{"line":121,"column":30},"end":{"line":145,"column":1}},"17":{"start":{"line":150,"column":29},"end":{"line":156,"column":1}},"18":{"start":{"line":161,"column":28},"end":{"line":167,"column":1}},"19":{"start":{"line":172,"column":31},"end":{"line":180,"column":1}},"20":{"start":{"line":185,"column":30},"end":{"line":206,"column":1}},"21":{"start":{"line":199,"column":6},"end":{"line":201,"column":7}},"22":{"start":{"line":200,"column":8},"end":{"line":200,"column":56}},"23":{"start":{"line":202,"column":6},"end":{"line":202,"column":18}},"24":{"start":{"line":208,"column":0},"end":{"line":217,"column":2}}},"fnMap":{"0":{"name":"(anonymous_0)","decl":{"start":{"line":12,"column":31},"end":{"line":12,"column":32}},"loc":{"start":{"line":12,"column":51},"end":{"line":25,"column":1}},"line":12},"1":{"name":"(anonymous_1)","decl":{"start":{"line":18,"column":33},"end":{"line":18,"column":34}},"loc":{"start":{"line":18,"column":41},"end":{"line":21,"column":7}},"line":18},"2":{"name":"(anonymous_2)","decl":{"start":{"line":49,"column":12},"end":{"line":49,"column":13}},"loc":{"start":{"line":49,"column":23},"end":{"line":55,"column":5}},"line":49},"3":{"name":"(anonymous_3)","decl":{"start":{"line":108,"column":12},"end":{"line":108,"column":13}},"loc":{"start":{"line":108,"column":32},"end":{"line":113,"column":5}},"line":108},"4":{"name":"(anonymous_4)","decl":{"start":{"line":198,"column":12},"end":{"line":198,"column":13}},"loc":{"start":{"line":198,"column":32},"end":{"line":203,"column":5}},"line":198}},"branchMap":{"0":{"loc":{"start":{"line":14,"column":2},"end":{"line":23,"column":3}},"type":"if","locations":[{"start":{"line":14,"column":2},"end":{"line":23,"column":3}},{"start":{},"end":{}}],"line":14},"1":{"loc":{"start":{"line":51,"column":6},"end":{"line":53,"column":7}},"type":"if","locations":[{"start":{"line":51,"column":6},"end":{"line":53,"column":7}},{"start":{},"end":{}}],"line":51},"2":{"loc":{"start":{"line":109,"column":6},"end":{"line":111,"column":7}},"type":"if","locations":[{"start":{"line":109,"column":6},"end":{"line":111,"column":7}},{"start":{},"end":{}}],"line":109},"3":{"loc":{"start":{"line":199,"column":6},"end":{"line":201,"column":7}},"type":"if","locations":[{"start":{"line":199,"column":6},"end":{"line":201,"column":7}},{"start":{},"end":{}}],"line":199}},"s":{"0":1,"1":1,"2":3,"3":3,"4":1,"5":2,"6":2,"7":1,"8":2,"9":0,"10":2,"11":1,"12":1,"13":0,"14":0,"15":0,"16":1,"17":1,"18":1,"19":1,"20":1,"21":0,"22":0,"23":0,"24":1},"f":{"0":3,"1":2,"2":2,"3":0,"4":0},"b":{"0":[1,2],"1":[0,2],"2":[0,0],"3":[0,0]},"_coverageSchema":"1a1c01bbd47fc00a2c39e90264f33305004495a9","hash":"f2956cece23f219b0e6ae3b4086a61b68f87feba"}
,"D:\\Projects\\Web\\Studies\\UTP\\Integrador I\\sportiva-ecommerce\\backend\\src\\validators\\index.js": {"path":"D:\\Projects\\Web\\Studies\\UTP\\Integrador I\\sportiva-ecommerce\\backend\\src\\validators\\index.js","statementMap":{"0":{"start":{"line":7,"column":22},"end":{"line":7,"column":48}},"1":{"start":{"line":8,"column":26},"end":{"line":8,"column":56}},"2":{"start":{"line":9,"column":24},"end":{"line":9,"column":52}},"3":{"start":{"line":11,"column":0},"end":{"line":20,"column":2}}},"fnMap":{},"branchMap":{},"s":{"0":1,"1":1,"2":1,"3":1},"f":{},"b":{},"_coverageSchema":"1a1c01bbd47fc00a2c39e90264f33305004495a9","hash":"13c79e370225bcf04b2e37abde96a7a1edf521a2"}
,"D:\\Projects\\Web\\Studies\\UTP\\Integrador I\\sportiva-ecommerce\\backend\\src\\validators\\pedidoAdminValidator.js": {"path":"D:\\Projects\\Web\\Studies\\UTP\\Integrador I\\sportiva-ecommerce\\backend\\src\\validators\\pedidoAdminValidator.js","statementMap":{"0":{"start":{"line":5,"column":31},"end":{"line":5,"column":59}},"1":{"start":{"line":8,"column":30},"end":{"line":18,"column":1}},"2":{"start":{"line":21,"column":29},"end":{"line":33,"column":1}},"3":{"start":{"line":36,"column":36},"end":{"line":79,"column":1}},"4":{"start":{"line":82,"column":30},"end":{"line":117,"column":1}},"5":{"start":{"line":120,"column":25},"end":{"line":124,"column":1}},"6":{"start":{"line":126,"column":0},"end":{"line":132,"column":2}}},"fnMap":{},"branchMap":{},"s":{"0":1,"1":1,"2":1,"3":1,"4":1,"5":1,"6":1},"f":{},"b":{},"_coverageSchema":"1a1c01bbd47fc00a2c39e90264f33305004495a9","hash":"03b36be035c4e42c6baac729dab84a6da2e9c8f5"}
,"D:\\Projects\\Web\\Studies\\UTP\\Integrador I\\sportiva-ecommerce\\backend\\src\\validators\\pedidoValidator.js": {"path":"D:\\Projects\\Web\\Studies\\UTP\\Integrador I\\sportiva-ecommerce\\backend\\src\\validators\\pedidoValidator.js","statementMap":{"0":{"start":{"line":7,"column":49},"end":{"line":7,"column":77}},"1":{"start":{"line":12,"column":31},"end":{"line":25,"column":1}},"2":{"start":{"line":13,"column":17},"end":{"line":13,"column":38}},"3":{"start":{"line":14,"column":2},"end":{"line":23,"column":3}},"4":{"start":{"line":15,"column":4},"end":{"line":22,"column":7}},"5":{"start":{"line":18,"column":41},"end":{"line":21,"column":7}},"6":{"start":{"line":24,"column":2},"end":{"line":24,"column":9}},"7":{"start":{"line":30,"column":28},"end":{"line":60,"column":1}},"8":{"start":{"line":65,"column":25},"end":{"line":72,"column":1}},"9":{"start":{"line":77,"column":31},"end":{"line":110,"column":1}},"10":{"start":{"line":103,"column":6},"end":{"line":105,"column":7}},"11":{"start":{"line":104,"column":8},"end":{"line":104,"column":80}},"12":{"start":{"line":106,"column":6},"end":{"line":106,"column":18}},"13":{"start":{"line":115,"column":31},"end":{"line":128,"column":1}},"14":{"start":{"line":133,"column":29},"end":{"line":189,"column":1}},"15":{"start":{"line":173,"column":28},"end":{"line":173,"column":44}},"16":{"start":{"line":174,"column":22},"end":{"line":174,"column":74}},"17":{"start":{"line":175,"column":6},"end":{"line":177,"column":7}},"18":{"start":{"line":176,"column":8},"end":{"line":176,"column":51}},"19":{"start":{"line":178,"column":6},"end":{"line":178,"column":18}},"20":{"start":{"line":194,"column":33},"end":{"line":213,"column":1}},"21":{"start":{"line":218,"column":34},"end":{"line":236,"column":1}},"22":{"start":{"line":241,"column":33},"end":{"line":285,"column":1}},"23":{"start":{"line":290,"column":29},"end":{"line":298,"column":1}},"24":{"start":{"line":303,"column":29},"end":{"line":319,"column":1}},"25":{"start":{"line":324,"column":35},"end":{"line":342,"column":1}},"26":{"start":{"line":344,"column":0},"end":{"line":356,"column":2}}},"fnMap":{"0":{"name":"(anonymous_0)","decl":{"start":{"line":12,"column":31},"end":{"line":12,"column":32}},"loc":{"start":{"line":12,"column":51},"end":{"line":25,"column":1}},"line":12},"1":{"name":"(anonymous_1)","decl":{"start":{"line":18,"column":33},"end":{"line":18,"column":34}},"loc":{"start":{"line":18,"column":41},"end":{"line":21,"column":7}},"line":18},"2":{"name":"(anonymous_2)","decl":{"start":{"line":102,"column":12},"end":{"line":102,"column":13}},"loc":{"start":{"line":102,"column":32},"end":{"line":107,"column":5}},"line":102},"3":{"name":"(anonymous_3)","decl":{"start":{"line":172,"column":12},"end":{"line":172,"column":13}},"loc":{"start":{"line":172,"column":23},"end":{"line":179,"column":5}},"line":172}},"branchMap":{"0":{"loc":{"start":{"line":14,"column":2},"end":{"line":23,"column":3}},"type":"if","locations":[{"start":{"line":14,"column":2},"end":{"line":23,"column":3}},{"start":{},"end":{}}],"line":14},"1":{"loc":{"start":{"line":103,"column":6},"end":{"line":105,"column":7}},"type":"if","locations":[{"start":{"line":103,"column":6},"end":{"line":105,"column":7}},{"start":{},"end":{}}],"line":103},"2":{"loc":{"start":{"line":103,"column":10},"end":{"line":103,"column":76}},"type":"binary-expr","locations":[{"start":{"line":103,"column":10},"end":{"line":103,"column":32}},{"start":{"line":103,"column":36},"end":{"line":103,"column":76}}],"line":103},"3":{"loc":{"start":{"line":175,"column":6},"end":{"line":177,"column":7}},"type":"if","locations":[{"start":{"line":175,"column":6},"end":{"line":177,"column":7}},{"start":{},"end":{}}],"line":175}},"s":{"0":1,"1":1,"2":0,"3":0,"4":0,"5":0,"6":0,"7":1,"8":1,"9":1,"10":0,"11":0,"12":0,"13":1,"14":1,"15":0,"16":0,"17":0,"18":0,"19":0,"20":1,"21":1,"22":1,"23":1,"24":1,"25":1,"26":1},"f":{"0":0,"1":0,"2":0,"3":0},"b":{"0":[0,0],"1":[0,0],"2":[0,0],"3":[0,0]},"_coverageSchema":"1a1c01bbd47fc00a2c39e90264f33305004495a9","hash":"8b590648721f2c5ece177913eb46d92e35db75af"}
,"D:\\Projects\\Web\\Studies\\UTP\\Integrador I\\sportiva-ecommerce\\backend\\src\\validators\\productoValidator.js": {"path":"D:\\Projects\\Web\\Studies\\UTP\\Integrador I\\sportiva-ecommerce\\backend\\src\\validators\\productoValidator.js","statementMap":{"0":{"start":{"line":7,"column":49},"end":{"line":7,"column":77}},"1":{"start":{"line":12,"column":31},"end":{"line":25,"column":1}},"2":{"start":{"line":13,"column":17},"end":{"line":13,"column":38}},"3":{"start":{"line":14,"column":2},"end":{"line":23,"column":3}},"4":{"start":{"line":15,"column":4},"end":{"line":22,"column":7}},"5":{"start":{"line":18,"column":41},"end":{"line":21,"column":7}},"6":{"start":{"line":24,"column":2},"end":{"line":24,"column":9}},"7":{"start":{"line":30,"column":27},"end":{"line":37,"column":1}},"8":{"start":{"line":42,"column":33},"end":{"line":94,"column":1}},"9":{"start":{"line":73,"column":6},"end":{"line":75,"column":7}},"10":{"start":{"line":74,"column":8},"end":{"line":74,"column":76}},"11":{"start":{"line":76,"column":6},"end":{"line":76,"column":18}},"12":{"start":{"line":99,"column":34},"end":{"line":122,"column":1}},"13":{"start":{"line":127,"column":26},"end":{"line":144,"column":1}},"14":{"start":{"line":149,"column":28},"end":{"line":167,"column":1}},"15":{"start":{"line":172,"column":31},"end":{"line":194,"column":1}},"16":{"start":{"line":199,"column":31},"end":{"line":211,"column":1}},"17":{"start":{"line":216,"column":38},"end":{"line":228,"column":1}},"18":{"start":{"line":233,"column":30},"end":{"line":281,"column":1}},"19":{"start":{"line":254,"column":6},"end":{"line":256,"column":7}},"20":{"start":{"line":255,"column":8},"end":{"line":255,"column":84}},"21":{"start":{"line":257,"column":6},"end":{"line":257,"column":18}},"22":{"start":{"line":286,"column":35},"end":{"line":333,"column":1}},"23":{"start":{"line":335,"column":0},"end":{"line":346,"column":2}}},"fnMap":{"0":{"name":"(anonymous_0)","decl":{"start":{"line":12,"column":31},"end":{"line":12,"column":32}},"loc":{"start":{"line":12,"column":51},"end":{"line":25,"column":1}},"line":12},"1":{"name":"(anonymous_1)","decl":{"start":{"line":18,"column":33},"end":{"line":18,"column":34}},"loc":{"start":{"line":18,"column":41},"end":{"line":21,"column":7}},"line":18},"2":{"name":"(anonymous_2)","decl":{"start":{"line":72,"column":12},"end":{"line":72,"column":13}},"loc":{"start":{"line":72,"column":32},"end":{"line":77,"column":5}},"line":72},"3":{"name":"(anonymous_3)","decl":{"start":{"line":253,"column":12},"end":{"line":253,"column":13}},"loc":{"start":{"line":253,"column":32},"end":{"line":258,"column":5}},"line":253}},"branchMap":{"0":{"loc":{"start":{"line":14,"column":2},"end":{"line":23,"column":3}},"type":"if","locations":[{"start":{"line":14,"column":2},"end":{"line":23,"column":3}},{"start":{},"end":{}}],"line":14},"1":{"loc":{"start":{"line":73,"column":6},"end":{"line":75,"column":7}},"type":"if","locations":[{"start":{"line":73,"column":6},"end":{"line":75,"column":7}},{"start":{},"end":{}}],"line":73},"2":{"loc":{"start":{"line":73,"column":10},"end":{"line":73,"column":72}},"type":"binary-expr","locations":[{"start":{"line":73,"column":10},"end":{"line":73,"column":29}},{"start":{"line":73,"column":33},"end":{"line":73,"column":72}}],"line":73},"3":{"loc":{"start":{"line":254,"column":6},"end":{"line":256,"column":7}},"type":"if","locations":[{"start":{"line":254,"column":6},"end":{"line":256,"column":7}},{"start":{},"end":{}}],"line":254},"4":{"loc":{"start":{"line":254,"column":10},"end":{"line":254,"column":43}},"type":"binary-expr","locations":[{"start":{"line":254,"column":10},"end":{"line":254,"column":15}},{"start":{"line":254,"column":19},"end":{"line":254,"column":43}}],"line":254}},"s":{"0":1,"1":1,"2":0,"3":0,"4":0,"5":0,"6":0,"7":1,"8":1,"9":0,"10":0,"11":0,"12":1,"13":1,"14":1,"15":1,"16":1,"17":1,"18":1,"19":0,"20":0,"21":0,"22":1,"23":1},"f":{"0":0,"1":0,"2":0,"3":0},"b":{"0":[0,0],"1":[0,0],"2":[0,0],"3":[0,0],"4":[0,0]},"_coverageSchema":"1a1c01bbd47fc00a2c39e90264f33305004495a9","hash":"3ca10b85001bd20268027b198543fe238f086996"}
}
